['000_A1m', '000_Em', '000_T1p', '100_A2', '100_B2', '100_E2', '110_A1', '110_A2', '110_B1', '110_B2', '111_A2', '111_E2', '200_A2', '200_B2', '200_E2']
L =  20
irrep =  000_A1m
config num =  33
frame mom =  0 0 0
0          [4, 0, 0]
1          [3, 1, 1]
2          [3, 1, 0]
3         [3, 1, -1]
4          [3, 0, 1]
            ...     
1084     [-3, 0, -1]
1085     [-3, -1, 1]
1086     [-3, -1, 0]
1087    [-3, -1, -1]
1088      [-4, 0, 0]
Name: 4, Length: 1089, dtype: object
             0         1           2           3           4
0     0.263020  0.263020   [0, 0, 0]   [0, 0, 0]   [0, 0, 0]
1     0.335339  0.335339  [0, -1, 0]   [0, 1, 0]   [0, 0, 0]
2     0.335339  0.335339   [0, 0, 1]  [0, 0, -1]   [0, 0, 0]
3     0.335339  0.335339   [0, 1, 0]  [0, -1, 0]   [0, 0, 0]
4     0.335339  0.335339  [-1, 0, 0]   [1, 0, 0]   [0, 0, 0]
...        ...       ...         ...         ...         ...
1084  0.784581  0.784581   [0, 0, 2]   [0, 0, 2]  [0, 0, -4]
1085  0.784581  0.784581  [0, 0, -2]  [0, 0, -2]   [0, 0, 4]
1086  0.784581  0.784581  [0, -2, 0]  [0, -2, 0]   [0, 4, 0]
1087  0.784581  0.784581   [0, 2, 0]   [0, 2, 0]  [0, -4, 0]
1088  0.784581  0.784581   [2, 0, 0]   [2, 0, 0]  [-4, 0, 0]

[1089 rows x 5 columns]
0.26302 0.26302 [0, 0, 0] [0, 0, 0] [0, 0, 0]  selected
0.33533865771796334 0.33533865771796334 [0, -1, 0] [0, 1, 0] [0, 0, 0]  selected
0.33533865771796334 0.33533865771796334 [0, 0, 1] [0, 0, -1] [0, 0, 0]  not selected
0.33533865771796334 0.33533865771796334 [0, 1, 0] [0, -1, 0] [0, 0, 0]  not selected
0.33533865771796334 0.33533865771796334 [-1, 0, 0] [1, 0, 0] [0, 0, 0]  not selected
0.33533865771796334 0.33533865771796334 [1, 0, 0] [-1, 0, 0] [0, 0, 0]  not selected
0.33533865771796334 0.33533865771796334 [0, 0, -1] [0, 0, 1] [0, 0, 0]  not selected
0.3445319334487736 0.3445319334487736 [-1, 0, 0] [0, 0, 0] [1, 0, 0]  selected
0.3445319334487736 0.3445319334487736 [0, 0, 0] [-1, 0, 0] [1, 0, 0]  not selected
0.3445319334487736 0.3445319334487736 [0, 0, 0] [0, -1, 0] [0, 1, 0]  not selected
0.3445319334487736 0.3445319334487736 [0, 0, 0] [0, 0, -1] [0, 0, 1]  not selected
0.3445319334487736 0.3445319334487736 [0, 0, 0] [0, 0, 1] [0, 0, -1]  not selected
0.3445319334487736 0.3445319334487736 [0, 0, 0] [0, 1, 0] [0, -1, 0]  not selected
0.3445319334487736 0.3445319334487736 [0, -1, 0] [0, 0, 0] [0, 1, 0]  not selected
0.3445319334487736 0.3445319334487736 [1, 0, 0] [0, 0, 0] [-1, 0, 0]  not selected
0.3445319334487736 0.3445319334487736 [0, 0, -1] [0, 0, 0] [0, 0, 1]  not selected
0.3445319334487736 0.3445319334487736 [0, 0, 0] [1, 0, 0] [-1, 0, 0]  not selected
0.3445319334487736 0.3445319334487736 [0, 0, 1] [0, 0, 0] [0, 0, -1]  not selected
0.3445319334487736 0.3445319334487736 [0, 1, 0] [0, 0, 0] [0, -1, 0]  not selected
0.39184191633386245 0.39184191633386245 [1, 0, -1] [-1, 0, 1] [0, 0, 0]  selected
0.39184191633386245 0.39184191633386245 [0, -1, 1] [0, 1, -1] [0, 0, 0]  not selected
0.39184191633386245 0.39184191633386245 [1, 0, 1] [-1, 0, -1] [0, 0, 0]  not selected
0.39184191633386245 0.39184191633386245 [1, -1, 0] [-1, 1, 0] [0, 0, 0]  not selected
0.39184191633386245 0.39184191633386245 [0, 1, -1] [0, -1, 1] [0, 0, 0]  not selected
0.39184191633386245 0.39184191633386245 [0, 1, 1] [0, -1, -1] [0, 0, 0]  not selected
0.39184191633386245 0.39184191633386245 [-1, 0, 1] [1, 0, -1] [0, 0, 0]  not selected
0.39184191633386245 0.39184191633386245 [-1, 0, -1] [1, 0, 1] [0, 0, 0]  not selected
0.39184191633386245 0.39184191633386245 [-1, 1, 0] [1, -1, 0] [0, 0, 0]  not selected
0.39184191633386245 0.39184191633386245 [1, 1, 0] [-1, -1, 0] [0, 0, 0]  not selected
0.39184191633386245 0.39184191633386245 [0, -1, -1] [0, 1, 1] [0, 0, 0]  not selected
0.39184191633386245 0.39184191633386245 [-1, -1, 0] [1, 1, 0] [0, 0, 0]  not selected
0.40469663799805367 0.40469663799805367 [0, -1, -1] [0, 0, 0] [0, 1, 1]  selected
0.40469663799805367 0.40469663799805367 [-1, 0, 1] [0, 0, 0] [1, 0, -1]  not selected
0.40469663799805367 0.40469663799805367 [-1, 0, -1] [0, 0, 0] [1, 0, 1]  not selected
0.40469663799805367 0.40469663799805367 [0, -1, 1] [0, 0, 0] [0, 1, -1]  not selected
0.40469663799805367 0.40469663799805367 [-1, 1, 0] [0, 0, 0] [1, -1, 0]  not selected
0.40469663799805367 0.40469663799805367 [0, 0, 0] [0, 1, -1] [0, -1, 1]  not selected
0.40469663799805367 0.40469663799805367 [0, 0, 0] [-1, 0, -1] [1, 0, 1]  not selected
0.40469663799805367 0.40469663799805367 [1, 1, 0] [0, 0, 0] [-1, -1, 0]  not selected
0.40469663799805367 0.40469663799805367 [1, 0, 1] [0, 0, 0] [-1, 0, -1]  not selected
0.40469663799805367 0.40469663799805367 [1, 0, -1] [0, 0, 0] [-1, 0, 1]  not selected
0.40469663799805367 0.40469663799805367 [1, -1, 0] [0, 0, 0] [-1, 1, 0]  not selected
0.40469663799805367 0.40469663799805367 [0, 1, 1] [0, 0, 0] [0, -1, -1]  not selected
0.40469663799805367 0.40469663799805367 [0, 1, -1] [0, 0, 0] [0, -1, 1]  not selected
0.40469663799805367 0.40469663799805367 [0, 0, 0] [-1, -1, 0] [1, 1, 0]  not selected
0.40469663799805367 0.40469663799805367 [0, 0, 0] [1, 1, 0] [-1, -1, 0]  not selected
0.40469663799805367 0.40469663799805367 [0, 0, 0] [1, 0, -1] [-1, 0, 1]  not selected
0.40469663799805367 0.40469663799805367 [0, 0, 0] [1, -1, 0] [-1, 1, 0]  not selected
0.40469663799805367 0.40469663799805367 [0, 0, 0] [0, 1, 1] [0, -1, -1]  not selected
0.40469663799805367 0.40469663799805367 [0, 0, 0] [0, -1, -1] [0, 1, 1]  not selected
0.40469663799805367 0.40469663799805367 [0, 0, 0] [-1, 1, 0] [1, -1, 0]  not selected
0.40469663799805367 0.40469663799805367 [0, 0, 0] [-1, 0, 1] [1, 0, -1]  not selected
0.40469663799805367 0.40469663799805367 [0, 0, 0] [1, 0, 1] [-1, 0, -1]  not selected
0.40469663799805367 0.40469663799805367 [-1, -1, 0] [0, 0, 0] [1, 1, 0]  not selected
0.40469663799805367 0.40469663799805367 [0, 0, 0] [0, -1, 1] [0, 1, -1]  not selected
0.4089428916157048 0.4089428916157048 [0, -1, 0] [-1, 1, 0] [1, 0, 0]  selected
0.4089428916157048 0.4089428916157048 [1, 0, 0] [-1, 0, -1] [0, 0, 1]  not selected
0.4089428916157048 0.4089428916157048 [1, 0, 0] [-1, -1, 0] [0, 1, 0]  not selected
0.4089428916157048 0.4089428916157048 [1, 0, -1] [0, 0, 1] [-1, 0, 0]  not selected
0.4089428916157048 0.4089428916157048 [-1, 0, -1] [1, 0, 0] [0, 0, 1]  not selected
0.4089428916157048 0.4089428916157048 [0, 0, -1] [-1, 0, 1] [1, 0, 0]  not selected
0.4089428916157048 0.4089428916157048 [0, 0, -1] [0, -1, 1] [0, 1, 0]  not selected
0.4089428916157048 0.4089428916157048 [-1, 0, -1] [0, 0, 1] [1, 0, 0]  not selected
0.4089428916157048 0.4089428916157048 [0, 0, -1] [0, 1, 1] [0, -1, 0]  not selected
0.4089428916157048 0.4089428916157048 [0, 0, -1] [1, 0, 1] [-1, 0, 0]  not selected
0.4089428916157048 0.4089428916157048 [1, 0, -1] [-1, 0, 0] [0, 0, 1]  not selected
0.4089428916157048 0.4089428916157048 [0, 0, 1] [-1, 0, -1] [1, 0, 0]  not selected
0.4089428916157048 0.4089428916157048 [0, 0, 1] [0, -1, -1] [0, 1, 0]  not selected
0.4089428916157048 0.4089428916157048 [0, 0, 1] [0, 1, -1] [0, -1, 0]  not selected
0.4089428916157048 0.4089428916157048 [0, 0, 1] [1, 0, -1] [-1, 0, 0]  not selected
0.4089428916157048 0.4089428916157048 [1, -1, 0] [0, 1, 0] [-1, 0, 0]  not selected
0.4089428916157048 0.4089428916157048 [1, 0, 0] [-1, 0, 1] [0, 0, -1]  not selected
0.4089428916157048 0.4089428916157048 [1, 0, 0] [-1, 1, 0] [0, -1, 0]  not selected
0.4089428916157048 0.4089428916157048 [0, -1, 1] [0, 1, 0] [0, 0, -1]  not selected
0.4089428916157048 0.4089428916157048 [0, -1, 1] [0, 0, -1] [0, 1, 0]  not selected
0.4089428916157048 0.4089428916157048 [-1, 1, 0] [0, -1, 0] [1, 0, 0]  not selected
0.4089428916157048 0.4089428916157048 [1, 1, 0] [0, -1, 0] [-1, 0, 0]  not selected
0.4089428916157048 0.4089428916157048 [-1, 1, 0] [1, 0, 0] [0, -1, 0]  not selected
0.4089428916157048 0.4089428916157048 [-1, 0, 1] [1, 0, 0] [0, 0, -1]  not selected
0.4089428916157048 0.4089428916157048 [1, 0, 1] [0, 0, -1] [-1, 0, 0]  not selected
0.4089428916157048 0.4089428916157048 [-1, 0, 1] [0, 0, -1] [1, 0, 0]  not selected
0.4089428916157048 0.4089428916157048 [1, 0, 1] [-1, 0, 0] [0, 0, -1]  not selected
0.4089428916157048 0.4089428916157048 [0, 1, -1] [0, -1, 0] [0, 0, 1]  not selected
0.4089428916157048 0.4089428916157048 [0, -1, -1] [0, 0, 1] [0, 1, 0]  not selected
0.4089428916157048 0.4089428916157048 [0, -1, 0] [0, 1, -1] [0, 0, 1]  not selected
0.4089428916157048 0.4089428916157048 [-1, 0, 0] [1, 1, 0] [0, -1, 0]  not selected
0.4089428916157048 0.4089428916157048 [0, -1, 0] [0, 1, 1] [0, 0, -1]  not selected
0.4089428916157048 0.4089428916157048 [-1, 0, 0] [1, 0, 1] [0, 0, -1]  not selected
0.4089428916157048 0.4089428916157048 [-1, 0, 0] [1, 0, -1] [0, 0, 1]  not selected
0.4089428916157048 0.4089428916157048 [-1, 0, 0] [1, -1, 0] [0, 1, 0]  not selected
0.4089428916157048 0.4089428916157048 [0, -1, 0] [1, 1, 0] [-1, 0, 0]  not selected
0.4089428916157048 0.4089428916157048 [0, -1, -1] [0, 1, 0] [0, 0, 1]  not selected
0.4089428916157048 0.4089428916157048 [-1, -1, 0] [1, 0, 0] [0, 1, 0]  not selected
0.4089428916157048 0.4089428916157048 [1, 1, 0] [-1, 0, 0] [0, -1, 0]  not selected
0.4089428916157048 0.4089428916157048 [0, 1, 0] [0, -1, -1] [0, 0, 1]  not selected
0.4089428916157048 0.4089428916157048 [0, 1, 1] [0, 0, -1] [0, -1, 0]  not selected
0.4089428916157048 0.4089428916157048 [1, -1, 0] [-1, 0, 0] [0, 1, 0]  not selected
0.4089428916157048 0.4089428916157048 [0, 1, -1] [0, 0, 1] [0, -1, 0]  not selected
0.4089428916157048 0.4089428916157048 [0, 1, 0] [1, -1, 0] [-1, 0, 0]  not selected
0.4089428916157048 0.4089428916157048 [0, 1, 0] [0, -1, 1] [0, 0, -1]  not selected
0.4089428916157048 0.4089428916157048 [-1, -1, 0] [0, 1, 0] [1, 0, 0]  not selected
0.4089428916157048 0.4089428916157048 [0, 1, 0] [-1, -1, 0] [1, 0, 0]  not selected
0.4089428916157048 0.4089428916157048 [0, 1, 1] [0, -1, 0] [0, 0, -1]  not selected
0.41260433754908576 0.41260433754908576 [0, -1, 0] [-1, 0, 0] [1, 1, 0]  selected
0.41260433754908576 0.41260433754908576 [0, 0, -1] [1, 0, 0] [-1, 0, 1]  not selected
0.41260433754908576 0.41260433754908576 [0, -1, 0] [1, 0, 0] [-1, 1, 0]  not selected
0.41260433754908576 0.41260433754908576 [0, 1, 0] [1, 0, 0] [-1, -1, 0]  not selected
0.41260433754908576 0.41260433754908576 [0, 1, 0] [0, 0, -1] [0, -1, 1]  not selected
0.41260433754908576 0.41260433754908576 [1, 0, 0] [0, 1, 0] [-1, -1, 0]  not selected
0.41260433754908576 0.41260433754908576 [0, 0, -1] [0, -1, 0] [0, 1, 1]  not selected
0.41260433754908576 0.41260433754908576 [1, 0, 0] [0, -1, 0] [-1, 1, 0]  not selected
0.41260433754908576 0.41260433754908576 [-1, 0, 0] [0, -1, 0] [1, 1, 0]  not selected
0.41260433754908576 0.41260433754908576 [0, 0, -1] [-1, 0, 0] [1, 0, 1]  not selected
0.41260433754908576 0.41260433754908576 [0, 0, -1] [0, 1, 0] [0, -1, 1]  not selected
0.41260433754908576 0.41260433754908576 [0, 0, 1] [-1, 0, 0] [1, 0, -1]  not selected
0.41260433754908576 0.41260433754908576 [0, 1, 0] [-1, 0, 0] [1, -1, 0]  not selected
0.41260433754908576 0.41260433754908576 [0, 0, 1] [0, -1, 0] [0, 1, -1]  not selected
0.41260433754908576 0.41260433754908576 [0, -1, 0] [0, 0, 1] [0, 1, -1]  not selected
0.41260433754908576 0.41260433754908576 [-1, 0, 0] [0, 1, 0] [1, -1, 0]  not selected
0.41260433754908576 0.41260433754908576 [1, 0, 0] [0, 0, 1] [-1, 0, -1]  not selected
0.41260433754908576 0.41260433754908576 [0, 0, 1] [1, 0, 0] [-1, 0, -1]  not selected
0.41260433754908576 0.41260433754908576 [-1, 0, 0] [0, 0, -1] [1, 0, 1]  not selected
0.41260433754908576 0.41260433754908576 [0, 1, 0] [0, 0, 1] [0, -1, -1]  not selected
0.41260433754908576 0.41260433754908576 [1, 0, 0] [0, 0, -1] [-1, 0, 1]  not selected
0.41260433754908576 0.41260433754908576 [0, -1, 0] [0, 0, -1] [0, 1, 1]  not selected
0.41260433754908576 0.41260433754908576 [-1, 0, 0] [0, 0, 1] [1, 0, -1]  not selected
0.41260433754908576 0.41260433754908576 [0, 0, 1] [0, 1, 0] [0, -1, -1]  not selected
0.4398321773114062 0.4398321773114062 [-1, 1, 1] [1, -1, -1] [0, 0, 0]  selected
0.4398321773114062 0.4398321773114062 [1, 1, 1] [-1, -1, -1] [0, 0, 0]  not selected
0.4398321773114062 0.4398321773114062 [-1, -1, -1] [1, 1, 1] [0, 0, 0]  not selected
0.4398321773114062 0.4398321773114062 [1, 1, -1] [-1, -1, 1] [0, 0, 0]  not selected
0.4398321773114062 0.4398321773114062 [-1, 1, -1] [1, -1, 1] [0, 0, 0]  not selected
0.4398321773114062 0.4398321773114062 [1, -1, -1] [-1, 1, 1] [0, 0, 0]  not selected
0.4398321773114062 0.4398321773114062 [1, -1, 1] [-1, 1, -1] [0, 0, 0]  not selected
0.4398321773114062 0.4398321773114062 [-1, -1, 1] [1, 1, -1] [0, 0, 0]  not selected
0.4541650074689824 0.4541650074689824 [0, 2, 0] [0, -1, 0] [0, -1, 0]  selected
0.4541650074689824 0.4541650074689824 [0, 0, -1] [0, 0, 2] [0, 0, -1]  not selected
0.4541650074689824 0.4541650074689824 [-1, 0, 0] [2, 0, 0] [-1, 0, 0]  not selected
0.4541650074689824 0.4541650074689824 [1, 0, 0] [-2, 0, 0] [1, 0, 0]  not selected
0.4541650074689824 0.4541650074689824 [0, -1, 0] [0, 2, 0] [0, -1, 0]  not selected
0.4541650074689824 0.4541650074689824 [0, -2, 0] [0, 1, 0] [0, 1, 0]  not selected
0.4541650074689824 0.4541650074689824 [0, 1, 0] [0, -2, 0] [0, 1, 0]  not selected
0.4541650074689824 0.4541650074689824 [0, 0, 2] [0, 0, -1] [0, 0, -1]  not selected
0.4541650074689824 0.4541650074689824 [2, 0, 0] [-1, 0, 0] [-1, 0, 0]  not selected
0.4541650074689824 0.4541650074689824 [0, 0, -2] [0, 0, 1] [0, 0, 1]  not selected
0.4541650074689824 0.4541650074689824 [0, 0, 1] [0, 0, -2] [0, 0, 1]  not selected
0.4541650074689824 0.4541650074689824 [-2, 0, 0] [1, 0, 0] [1, 0, 0]  not selected
0.4547962631236895 0.4547962631236895 [1, -1, -1] [0, 0, 0] [-1, 1, 1]  selected
0.4547962631236895 0.4547962631236895 [-1, 1, -1] [0, 0, 0] [1, -1, 1]  not selected
0.4547962631236895 0.4547962631236895 [1, 1, -1] [0, 0, 0] [-1, -1, 1]  not selected
0.4547962631236895 0.4547962631236895 [0, 0, 0] [1, 1, 1] [-1, -1, -1]  not selected
0.4547962631236895 0.4547962631236895 [1, -1, 1] [0, 0, 0] [-1, 1, -1]  not selected
0.4547962631236895 0.4547962631236895 [-1, -1, -1] [0, 0, 0] [1, 1, 1]  not selected
0.4547962631236895 0.4547962631236895 [-1, -1, 1] [0, 0, 0] [1, 1, -1]  not selected
0.4547962631236895 0.4547962631236895 [1, 1, 1] [0, 0, 0] [-1, -1, -1]  not selected
0.4547962631236895 0.4547962631236895 [-1, 1, 1] [0, 0, 0] [1, -1, -1]  not selected
0.4547962631236895 0.4547962631236895 [0, 0, 0] [-1, 1, 1] [1, -1, -1]  not selected
0.4547962631236895 0.4547962631236895 [0, 0, 0] [1, -1, 1] [-1, 1, -1]  not selected
0.4547962631236895 0.4547962631236895 [0, 0, 0] [1, -1, -1] [-1, 1, 1]  not selected
0.4547962631236895 0.4547962631236895 [0, 0, 0] [-1, 1, -1] [1, -1, 1]  not selected
0.4547962631236895 0.4547962631236895 [0, 0, 0] [-1, -1, 1] [1, 1, -1]  not selected
0.4547962631236895 0.4547962631236895 [0, 0, 0] [-1, -1, -1] [1, 1, 1]  not selected
0.4547962631236895 0.4547962631236895 [0, 0, 0] [1, 1, -1] [-1, -1, 1]  not selected
0.46118965141242624 0.46118965141242624 [-1, 1, -1] [0, -1, 1] [1, 0, 0]  selected
0.46118965141242624 0.46118965141242624 [1, -1, -1] [0, 1, 1] [-1, 0, 0]  not selected
0.46118965141242624 0.46118965141242624 [-1, 1, -1] [1, -1, 0] [0, 0, 1]  not selected
0.46118965141242624 0.46118965141242624 [1, 1, 0] [-1, -1, 1] [0, 0, -1]  not selected
0.46118965141242624 0.46118965141242624 [0, 1, 1] [1, -1, -1] [-1, 0, 0]  not selected
0.46118965141242624 0.46118965141242624 [1, 0, 1] [-1, 1, -1] [0, -1, 0]  not selected
0.46118965141242624 0.46118965141242624 [-1, -1, -1] [1, 1, 0] [0, 0, 1]  not selected
0.46118965141242624 0.46118965141242624 [-1, 1, 0] [1, -1, -1] [0, 0, 1]  not selected
0.46118965141242624 0.46118965141242624 [1, -1, -1] [-1, 0, 1] [0, 1, 0]  not selected
0.46118965141242624 0.46118965141242624 [-1, 1, 0] [1, -1, 1] [0, 0, -1]  not selected
0.46118965141242624 0.46118965141242624 [1, -1, -1] [-1, 1, 0] [0, 0, 1]  not selected
0.46118965141242624 0.46118965141242624 [1, 1, -1] [0, -1, 1] [-1, 0, 0]  not selected
0.46118965141242624 0.46118965141242624 [1, 1, -1] [-1, 0, 1] [0, -1, 0]  not selected
0.46118965141242624 0.46118965141242624 [-1, 1, 1] [0, -1, -1] [1, 0, 0]  not selected
0.46118965141242624 0.46118965141242624 [-1, 0, 1] [1, 1, -1] [0, -1, 0]  not selected
0.46118965141242624 0.46118965141242624 [1, 1, 0] [-1, -1, -1] [0, 0, 1]  not selected
0.46118965141242624 0.46118965141242624 [-1, 0, 1] [1, -1, -1] [0, 1, 0]  not selected
0.46118965141242624 0.46118965141242624 [1, 1, -1] [-1, -1, 0] [0, 0, 1]  not selected
0.46118965141242624 0.46118965141242624 [-1, 1, 1] [1, -1, 0] [0, 0, -1]  not selected
0.46118965141242624 0.46118965141242624 [-1, 1, 1] [1, 0, -1] [0, -1, 0]  not selected
0.46118965141242624 0.46118965141242624 [-1, -1, -1] [1, 0, 1] [0, 1, 0]  not selected
0.46118965141242624 0.46118965141242624 [-1, 1, -1] [1, 0, 1] [0, -1, 0]  not selected
0.46118965141242624 0.46118965141242624 [1, 0, 1] [-1, -1, -1] [0, 1, 0]  not selected
0.46118965141242624 0.46118965141242624 [0, -1, -1] [-1, 1, 1] [1, 0, 0]  not selected
0.46118965141242624 0.46118965141242624 [0, -1, -1] [1, 1, 1] [-1, 0, 0]  not selected
0.46118965141242624 0.46118965141242624 [0, 1, -1] [1, -1, 1] [-1, 0, 0]  not selected
0.46118965141242624 0.46118965141242624 [1, 0, -1] [-1, 1, 1] [0, -1, 0]  not selected
0.46118965141242624 0.46118965141242624 [0, 1, 1] [-1, -1, -1] [1, 0, 0]  not selected
0.46118965141242624 0.46118965141242624 [1, 1, 1] [-1, -1, 0] [0, 0, -1]  not selected
0.46118965141242624 0.46118965141242624 [1, -1, 0] [-1, 1, 1] [0, 0, -1]  not selected
0.46118965141242624 0.46118965141242624 [1, 1, 1] [-1, 0, -1] [0, -1, 0]  not selected
0.46118965141242624 0.46118965141242624 [1, 1, 1] [0, -1, -1] [-1, 0, 0]  not selected
0.46118965141242624 0.46118965141242624 [-1, -1, 1] [1, 1, 0] [0, 0, -1]  not selected
0.46118965141242624 0.46118965141242624 [-1, -1, 1] [1, 0, -1] [0, 1, 0]  not selected
0.46118965141242624 0.46118965141242624 [-1, 0, -1] [1, -1, 1] [0, 1, 0]  not selected
0.46118965141242624 0.46118965141242624 [-1, -1, -1] [0, 1, 1] [1, 0, 0]  not selected
0.46118965141242624 0.46118965141242624 [1, -1, 1] [0, 1, -1] [-1, 0, 0]  not selected
0.46118965141242624 0.46118965141242624 [1, -1, 1] [-1, 1, 0] [0, 0, -1]  not selected
0.46118965141242624 0.46118965141242624 [1, -1, 1] [-1, 0, -1] [0, 1, 0]  not selected
0.46118965141242624 0.46118965141242624 [-1, -1, 0] [1, 1, 1] [0, 0, -1]  not selected
0.46118965141242624 0.46118965141242624 [0, 1, -1] [-1, -1, 1] [1, 0, 0]  not selected
0.46118965141242624 0.46118965141242624 [-1, -1, 0] [1, 1, -1] [0, 0, 1]  not selected
0.46118965141242624 0.46118965141242624 [-1, -1, 1] [0, 1, -1] [1, 0, 0]  not selected
0.46118965141242624 0.46118965141242624 [1, -1, 0] [-1, 1, -1] [0, 0, 1]  not selected
0.46118965141242624 0.46118965141242624 [1, 0, -1] [-1, -1, 1] [0, 1, 0]  not selected
0.46118965141242624 0.46118965141242624 [-1, 0, -1] [1, 1, 1] [0, -1, 0]  not selected
0.46118965141242624 0.46118965141242624 [0, -1, 1] [-1, 1, -1] [1, 0, 0]  not selected
0.46118965141242624 0.46118965141242624 [0, -1, 1] [1, 1, -1] [-1, 0, 0]  not selected
0.4613507611978825 0.4613507611978825 [-1, 0, 0] [-1, 0, 0] [2, 0, 0]  selected
0.4613507611978825 0.4613507611978825 [0, -1, 0] [0, -1, 0] [0, 2, 0]  not selected
0.4613507611978825 0.4613507611978825 [0, 0, 1] [0, 0, 1] [0, 0, -2]  not selected
0.4613507611978825 0.4613507611978825 [0, 1, 0] [0, 1, 0] [0, -2, 0]  not selected
0.4613507611978825 0.4613507611978825 [1, 0, 0] [1, 0, 0] [-2, 0, 0]  not selected
0.4613507611978825 0.4613507611978825 [0, 0, -1] [0, 0, -1] [0, 0, 2]  not selected
0.4648510973458072 0.4648510973458072 [0, 0, 1] [1, -1, -1] [-1, 1, 0]  selected
0.4648510973458072 0.4648510973458072 [0, 0, 1] [1, 1, -1] [-1, -1, 0]  not selected
0.4648510973458072 0.4648510973458072 [1, -1, -1] [0, 0, 1] [-1, 1, 0]  not selected
0.4648510973458072 0.4648510973458072 [1, -1, 1] [0, 0, -1] [-1, 1, 0]  not selected
0.4648510973458072 0.4648510973458072 [1, -1, -1] [0, 1, 0] [-1, 0, 1]  not selected
0.4648510973458072 0.4648510973458072 [1, 1, -1] [0, 0, 1] [-1, -1, 0]  not selected
0.4648510973458072 0.4648510973458072 [1, 0, 0] [-1, -1, 1] [0, 1, -1]  not selected
0.4648510973458072 0.4648510973458072 [0, 1, 0] [-1, -1, 1] [1, 0, -1]  not selected
0.4648510973458072 0.4648510973458072 [1, 0, 0] [-1, 1, 1] [0, -1, -1]  not selected
0.4648510973458072 0.4648510973458072 [-1, 1, -1] [1, 0, 0] [0, -1, 1]  not selected
0.4648510973458072 0.4648510973458072 [0, 1, 0] [-1, -1, -1] [1, 0, 1]  not selected
0.4648510973458072 0.4648510973458072 [1, 0, 0] [-1, -1, -1] [0, 1, 1]  not selected
0.4648510973458072 0.4648510973458072 [0, -1, 0] [1, 1, 1] [-1, 0, -1]  not selected
0.4648510973458072 0.4648510973458072 [1, -1, -1] [-1, 0, 0] [0, 1, 1]  not selected
0.4648510973458072 0.4648510973458072 [1, -1, 1] [-1, 0, 0] [0, 1, -1]  not selected
0.4648510973458072 0.4648510973458072 [1, 1, -1] [0, -1, 0] [-1, 0, 1]  not selected
0.4648510973458072 0.4648510973458072 [1, 1, -1] [-1, 0, 0] [0, -1, 1]  not selected
0.4648510973458072 0.4648510973458072 [0, 0, -1] [-1, -1, 1] [1, 1, 0]  not selected
0.4648510973458072 0.4648510973458072 [0, 1, 0] [1, -1, 1] [-1, 0, -1]  not selected
0.4648510973458072 0.4648510973458072 [-1, 1, 1] [0, -1, 0] [1, 0, -1]  not selected
0.4648510973458072 0.4648510973458072 [0, 0, -1] [-1, 1, 1] [1, -1, 0]  not selected
0.4648510973458072 0.4648510973458072 [0, 0, 1] [-1, -1, -1] [1, 1, 0]  not selected
0.4648510973458072 0.4648510973458072 [-1, 1, 1] [0, 0, -1] [1, -1, 0]  not selected
0.4648510973458072 0.4648510973458072 [0, 1, 0] [1, -1, -1] [-1, 0, 1]  not selected
0.4648510973458072 0.4648510973458072 [0, -1, 0] [-1, 1, 1] [1, 0, -1]  not selected
0.4648510973458072 0.4648510973458072 [0, -1, 0] [1, 1, -1] [-1, 0, 1]  not selected
0.4648510973458072 0.4648510973458072 [0, 0, -1] [1, 1, 1] [-1, -1, 0]  not selected
0.4648510973458072 0.4648510973458072 [0, -1, 0] [-1, 1, -1] [1, 0, 1]  not selected
0.4648510973458072 0.4648510973458072 [-1, 1, 1] [1, 0, 0] [0, -1, -1]  not selected
0.4648510973458072 0.4648510973458072 [0, 0, -1] [1, -1, 1] [-1, 1, 0]  not selected
0.4648510973458072 0.4648510973458072 [1, -1, 1] [0, 1, 0] [-1, 0, -1]  not selected
0.4648510973458072 0.4648510973458072 [1, 0, 0] [-1, 1, -1] [0, -1, 1]  not selected
0.4648510973458072 0.4648510973458072 [0, 0, 1] [-1, 1, -1] [1, -1, 0]  not selected
0.4648510973458072 0.4648510973458072 [-1, 1, -1] [0, 0, 1] [1, -1, 0]  not selected
0.4648510973458072 0.4648510973458072 [-1, 0, 0] [1, -1, 1] [0, 1, -1]  not selected
0.4648510973458072 0.4648510973458072 [-1, 0, 0] [1, -1, -1] [0, 1, 1]  not selected
0.4648510973458072 0.4648510973458072 [-1, -1, -1] [0, 1, 0] [1, 0, 1]  not selected
0.4648510973458072 0.4648510973458072 [-1, -1, 1] [0, 0, -1] [1, 1, 0]  not selected
0.4648510973458072 0.4648510973458072 [-1, -1, 1] [0, 1, 0] [1, 0, -1]  not selected
0.4648510973458072 0.4648510973458072 [-1, 0, 0] [1, 1, 1] [0, -1, -1]  not selected
0.4648510973458072 0.4648510973458072 [-1, -1, 1] [1, 0, 0] [0, 1, -1]  not selected
0.4648510973458072 0.4648510973458072 [1, 1, 1] [0, -1, 0] [-1, 0, -1]  not selected
0.4648510973458072 0.4648510973458072 [1, 1, 1] [0, 0, -1] [-1, -1, 0]  not selected
0.4648510973458072 0.4648510973458072 [-1, 0, 0] [1, 1, -1] [0, -1, 1]  not selected
0.4648510973458072 0.4648510973458072 [-1, -1, -1] [1, 0, 0] [0, 1, 1]  not selected
0.4648510973458072 0.4648510973458072 [-1, -1, -1] [0, 0, 1] [1, 1, 0]  not selected
0.4648510973458072 0.4648510973458072 [-1, 1, -1] [0, -1, 0] [1, 0, 1]  not selected
0.4648510973458072 0.4648510973458072 [1, 1, 1] [-1, 0, 0] [0, -1, -1]  not selected
0.46696046149389925 0.46696046149389925 [1, 0, 0] [0, 1, -1] [-1, -1, 1]  selected
0.46696046149389925 0.46696046149389925 [-1, -1, 0] [0, 0, 1] [1, 1, -1]  not selected
0.46696046149389925 0.46696046149389925 [0, -1, 0] [-1, 0, 1] [1, 1, -1]  not selected
0.46696046149389925 0.46696046149389925 [-1, 0, 1] [0, 1, 0] [1, -1, -1]  not selected
0.46696046149389925 0.46696046149389925 [0, 1, 0] [-1, 0, 1] [1, -1, -1]  not selected
0.46696046149389925 0.46696046149389925 [0, -1, 0] [-1, 0, -1] [1, 1, 1]  not selected
0.46696046149389925 0.46696046149389925 [0, -1, -1] [1, 0, 0] [-1, 1, 1]  not selected
0.46696046149389925 0.46696046149389925 [1, 0, 0] [0, 1, 1] [-1, -1, -1]  not selected
0.46696046149389925 0.46696046149389925 [1, 0, 1] [0, -1, 0] [-1, 1, -1]  not selected
0.46696046149389925 0.46696046149389925 [0, 1, -1] [-1, 0, 0] [1, -1, 1]  not selected
0.46696046149389925 0.46696046149389925 [0, 1, 0] [-1, 0, -1] [1, -1, 1]  not selected
0.46696046149389925 0.46696046149389925 [0, -1, -1] [-1, 0, 0] [1, 1, 1]  not selected
0.46696046149389925 0.46696046149389925 [1, -1, 0] [0, 0, 1] [-1, 1, -1]  not selected
0.46696046149389925 0.46696046149389925 [-1, 0, 1] [0, -1, 0] [1, 1, -1]  not selected
0.46696046149389925 0.46696046149389925 [1, -1, 0] [0, 0, -1] [-1, 1, 1]  not selected
0.46696046149389925 0.46696046149389925 [0, 1, -1] [1, 0, 0] [-1, -1, 1]  not selected
0.46696046149389925 0.46696046149389925 [1, 0, 1] [0, 1, 0] [-1, -1, -1]  not selected
0.46696046149389925 0.46696046149389925 [-1, 0, -1] [0, -1, 0] [1, 1, 1]  not selected
0.46696046149389925 0.46696046149389925 [-1, 0, 0] [0, 1, 1] [1, -1, -1]  not selected
0.46696046149389925 0.46696046149389925 [0, -1, 0] [1, 0, -1] [-1, 1, 1]  not selected
0.46696046149389925 0.46696046149389925 [0, 0, -1] [1, 1, 0] [-1, -1, 1]  not selected
0.46696046149389925 0.46696046149389925 [-1, 0, -1] [0, 1, 0] [1, -1, 1]  not selected
0.46696046149389925 0.46696046149389925 [1, 0, -1] [0, -1, 0] [-1, 1, 1]  not selected
0.46696046149389925 0.46696046149389925 [0, 0, -1] [-1, 1, 0] [1, -1, 1]  not selected
0.46696046149389925 0.46696046149389925 [0, 0, -1] [-1, -1, 0] [1, 1, 1]  not selected
0.46696046149389925 0.46696046149389925 [1, 0, -1] [0, 1, 0] [-1, -1, 1]  not selected
0.46696046149389925 0.46696046149389925 [0, 0, 1] [-1, -1, 0] [1, 1, -1]  not selected
0.46696046149389925 0.46696046149389925 [0, -1, 1] [1, 0, 0] [-1, 1, -1]  not selected
0.46696046149389925 0.46696046149389925 [1, 0, 0] [0, -1, -1] [-1, 1, 1]  not selected
0.46696046149389925 0.46696046149389925 [0, 0, 1] [-1, 1, 0] [1, -1, -1]  not selected
0.46696046149389925 0.46696046149389925 [-1, 0, 0] [0, -1, -1] [1, 1, 1]  not selected
0.46696046149389925 0.46696046149389925 [-1, 0, 0] [0, -1, 1] [1, 1, -1]  not selected
0.46696046149389925 0.46696046149389925 [1, 0, 0] [0, -1, 1] [-1, 1, -1]  not selected
0.46696046149389925 0.46696046149389925 [0, -1, 1] [-1, 0, 0] [1, 1, -1]  not selected
0.46696046149389925 0.46696046149389925 [0, 0, 1] [1, -1, 0] [-1, 1, -1]  not selected
0.46696046149389925 0.46696046149389925 [-1, 0, 0] [0, 1, -1] [1, -1, 1]  not selected
0.46696046149389925 0.46696046149389925 [0, -1, 0] [1, 0, 1] [-1, 1, -1]  not selected
0.46696046149389925 0.46696046149389925 [0, 0, 1] [1, 1, 0] [-1, -1, -1]  not selected
0.46696046149389925 0.46696046149389925 [-1, -1, 0] [0, 0, -1] [1, 1, 1]  not selected
0.46696046149389925 0.46696046149389925 [0, 0, -1] [1, -1, 0] [-1, 1, 1]  not selected
0.46696046149389925 0.46696046149389925 [0, 1, 0] [1, 0, 1] [-1, -1, -1]  not selected
0.46696046149389925 0.46696046149389925 [0, 1, 1] [1, 0, 0] [-1, -1, -1]  not selected
0.46696046149389925 0.46696046149389925 [1, 1, 0] [0, 0, 1] [-1, -1, -1]  not selected
0.46696046149389925 0.46696046149389925 [1, 1, 0] [0, 0, -1] [-1, -1, 1]  not selected
0.46696046149389925 0.46696046149389925 [0, 1, 0] [1, 0, -1] [-1, -1, 1]  not selected
0.46696046149389925 0.46696046149389925 [0, 1, 1] [-1, 0, 0] [1, -1, -1]  not selected
0.46696046149389925 0.46696046149389925 [-1, 1, 0] [0, 0, -1] [1, -1, 1]  not selected
0.46696046149389925 0.46696046149389925 [-1, 1, 0] [0, 0, 1] [1, -1, -1]  not selected
0.4691075961649849 0.4691075961649849 [1, 0, -1] [0, 1, 1] [-1, -1, 0]  selected
0.4691075961649849 0.4691075961649849 [0, -1, -1] [-1, 1, 0] [1, 0, 1]  not selected
0.4691075961649849 0.4691075961649849 [0, -1, -1] [-1, 0, 1] [1, 1, 0]  not selected
0.4691075961649849 0.4691075961649849 [0, 1, -1] [-1, -1, 0] [1, 0, 1]  not selected
0.4691075961649849 0.4691075961649849 [-1, -1, 0] [1, 0, 1] [0, 1, -1]  not selected
0.4691075961649849 0.4691075961649849 [-1, 1, 0] [1, 0, 1] [0, -1, -1]  not selected
0.4691075961649849 0.4691075961649849 [-1, 0, 1] [0, -1, -1] [1, 1, 0]  not selected
0.4691075961649849 0.4691075961649849 [-1, -1, 0] [1, 0, -1] [0, 1, 1]  not selected
0.4691075961649849 0.4691075961649849 [0, 1, 1] [-1, 0, -1] [1, -1, 0]  not selected
0.4691075961649849 0.4691075961649849 [1, 0, 1] [-1, -1, 0] [0, 1, -1]  not selected
0.4691075961649849 0.4691075961649849 [1, 0, -1] [0, -1, 1] [-1, 1, 0]  not selected
0.4691075961649849 0.4691075961649849 [0, 1, -1] [-1, 0, 1] [1, -1, 0]  not selected
0.4691075961649849 0.4691075961649849 [1, 0, -1] [-1, -1, 0] [0, 1, 1]  not selected
0.4691075961649849 0.4691075961649849 [1, -1, 0] [-1, 0, -1] [0, 1, 1]  not selected
0.4691075961649849 0.4691075961649849 [1, 1, 0] [0, -1, 1] [-1, 0, -1]  not selected
0.4691075961649849 0.4691075961649849 [0, 1, -1] [1, -1, 0] [-1, 0, 1]  not selected
0.4691075961649849 0.4691075961649849 [1, -1, 0] [0, 1, 1] [-1, 0, -1]  not selected
0.4691075961649849 0.4691075961649849 [-1, 0, -1] [1, 1, 0] [0, -1, 1]  not selected
0.4691075961649849 0.4691075961649849 [0, -1, -1] [1, 0, 1] [-1, 1, 0]  not selected
0.4691075961649849 0.4691075961649849 [0, -1, -1] [1, 1, 0] [-1, 0, 1]  not selected
0.4691075961649849 0.4691075961649849 [1, 1, 0] [0, -1, -1] [-1, 0, 1]  not selected
0.4691075961649849 0.4691075961649849 [-1, 1, 0] [0, -1, 1] [1, 0, -1]  not selected
0.4691075961649849 0.4691075961649849 [0, -1, 1] [1, 1, 0] [-1, 0, -1]  not selected
0.4691075961649849 0.4691075961649849 [-1, 1, 0] [0, -1, -1] [1, 0, 1]  not selected
0.4691075961649849 0.4691075961649849 [0, -1, 1] [1, 0, -1] [-1, 1, 0]  not selected
0.4691075961649849 0.4691075961649849 [0, -1, 1] [-1, 0, -1] [1, 1, 0]  not selected
0.4691075961649849 0.4691075961649849 [0, -1, 1] [-1, 1, 0] [1, 0, -1]  not selected
0.4691075961649849 0.4691075961649849 [0, 1, 1] [1, 0, -1] [-1, -1, 0]  not selected
0.4691075961649849 0.4691075961649849 [-1, 1, 0] [1, 0, -1] [0, -1, 1]  not selected
0.4691075961649849 0.4691075961649849 [0, 1, 1] [-1, -1, 0] [1, 0, -1]  not selected
0.4691075961649849 0.4691075961649849 [1, -1, 0] [0, 1, -1] [-1, 0, 1]  not selected
0.4691075961649849 0.4691075961649849 [0, 1, -1] [1, 0, 1] [-1, -1, 0]  not selected
0.4691075961649849 0.4691075961649849 [-1, 0, -1] [0, -1, 1] [1, 1, 0]  not selected
0.4691075961649849 0.4691075961649849 [-1, 0, 1] [1, 1, 0] [0, -1, -1]  not selected
0.4691075961649849 0.4691075961649849 [1, -1, 0] [-1, 0, 1] [0, 1, -1]  not selected
0.4691075961649849 0.4691075961649849 [-1, 0, 1] [1, -1, 0] [0, 1, -1]  not selected
0.4691075961649849 0.4691075961649849 [1, 0, 1] [-1, 1, 0] [0, -1, -1]  not selected
0.4691075961649849 0.4691075961649849 [-1, -1, 0] [0, 1, -1] [1, 0, 1]  not selected
0.4691075961649849 0.4691075961649849 [1, 1, 0] [-1, 0, -1] [0, -1, 1]  not selected
0.4691075961649849 0.4691075961649849 [-1, 0, 1] [0, 1, -1] [1, -1, 0]  not selected
0.4691075961649849 0.4691075961649849 [-1, 0, -1] [0, 1, 1] [1, -1, 0]  not selected
0.4691075961649849 0.4691075961649849 [-1, -1, 0] [0, 1, 1] [1, 0, -1]  not selected
0.4691075961649849 0.4691075961649849 [1, 0, 1] [0, 1, -1] [-1, -1, 0]  not selected
0.4691075961649849 0.4691075961649849 [1, 0, -1] [-1, 1, 0] [0, -1, 1]  not selected
0.4691075961649849 0.4691075961649849 [0, 1, 1] [1, -1, 0] [-1, 0, -1]  not selected
0.4691075961649849 0.4691075961649849 [-1, 0, -1] [1, -1, 0] [0, 1, 1]  not selected
0.4691075961649849 0.4691075961649849 [1, 1, 0] [-1, 0, 1] [0, -1, -1]  not selected
0.4691075961649849 0.4691075961649849 [1, 0, 1] [0, -1, -1] [-1, 1, 0]  not selected
0.48228614804041764 0.48228614804041764 [0, 2, 0] [0, -2, 0] [0, 0, 0]  selected
0.48228614804041764 0.48228614804041764 [2, 0, 0] [-2, 0, 0] [0, 0, 0]  not selected
0.48228614804041764 0.48228614804041764 [0, 0, 2] [0, 0, -2] [0, 0, 0]  not selected
0.48228614804041764 0.48228614804041764 [0, 0, -2] [0, 0, 2] [0, 0, 0]  not selected
0.48228614804041764 0.48228614804041764 [-2, 0, 0] [2, 0, 0] [0, 0, 0]  not selected
0.48228614804041764 0.48228614804041764 [0, -2, 0] [0, 2, 0] [0, 0, 0]  not selected
0.49866517750012795 0.49866517750012795 [0, 0, 0] [2, 0, 0] [-2, 0, 0]  selected
0.49866517750012795 0.49866517750012795 [0, 0, 0] [0, 2, 0] [0, -2, 0]  not selected
0.49866517750012795 0.49866517750012795 [0, 0, 2] [0, 0, 0] [0, 0, -2]  not selected
0.49866517750012795 0.49866517750012795 [0, -2, 0] [0, 0, 0] [0, 2, 0]  not selected
0.49866517750012795 0.49866517750012795 [0, 0, 0] [0, 0, 2] [0, 0, -2]  not selected
0.49866517750012795 0.49866517750012795 [0, 0, -2] [0, 0, 0] [0, 0, 2]  not selected
0.49866517750012795 0.49866517750012795 [0, 0, 0] [0, 0, -2] [0, 0, 2]  not selected
0.49866517750012795 0.49866517750012795 [2, 0, 0] [0, 0, 0] [-2, 0, 0]  not selected
0.49866517750012795 0.49866517750012795 [0, 0, 0] [0, -2, 0] [0, 2, 0]  not selected
0.49866517750012795 0.49866517750012795 [0, 2, 0] [0, 0, 0] [0, -2, 0]  not selected
0.49866517750012795 0.49866517750012795 [-2, 0, 0] [0, 0, 0] [2, 0, 0]  not selected
0.49866517750012795 0.49866517750012795 [0, 0, 0] [-2, 0, 0] [2, 0, 0]  not selected
0.5098767196527394 0.5098767196527394 [0, -1, -1] [0, -1, 0] [0, 2, 1]  selected
0.5098767196527394 0.5098767196527394 [-1, 0, 0] [-1, -1, 0] [2, 1, 0]  not selected
0.5098767196527394 0.5098767196527394 [-1, 1, 0] [0, 1, 0] [1, -2, 0]  not selected
0.5098767196527394 0.5098767196527394 [0, -1, 0] [0, -1, -1] [0, 2, 1]  not selected
0.5098767196527394 0.5098767196527394 [1, 0, 0] [1, 0, 1] [-2, 0, -1]  not selected
0.5098767196527394 0.5098767196527394 [0, -1, 0] [0, -1, 1] [0, 2, -1]  not selected
0.5098767196527394 0.5098767196527394 [0, 0, -1] [-1, 0, -1] [1, 0, 2]  not selected
0.5098767196527394 0.5098767196527394 [0, 1, -1] [0, 0, -1] [0, -1, 2]  not selected
0.5098767196527394 0.5098767196527394 [0, 0, 1] [0, 1, 1] [0, -1, -2]  not selected
0.5098767196527394 0.5098767196527394 [1, 1, 0] [1, 0, 0] [-2, -1, 0]  not selected
0.5098767196527394 0.5098767196527394 [1, 0, 0] [1, 1, 0] [-2, -1, 0]  not selected
0.5098767196527394 0.5098767196527394 [0, 1, 1] [0, 0, 1] [0, -1, -2]  not selected
0.5098767196527394 0.5098767196527394 [-1, 0, 0] [-1, 0, -1] [2, 0, 1]  not selected
0.5098767196527394 0.5098767196527394 [0, 1, 0] [1, 1, 0] [-1, -2, 0]  not selected
0.5098767196527394 0.5098767196527394 [-1, 0, 0] [-1, 0, 1] [2, 0, -1]  not selected
0.5098767196527394 0.5098767196527394 [0, 0, -1] [0, 1, -1] [0, -1, 2]  not selected
0.5098767196527394 0.5098767196527394 [0, -1, 0] [1, -1, 0] [-1, 2, 0]  not selected
0.5098767196527394 0.5098767196527394 [0, 0, 1] [1, 0, 1] [-1, 0, -2]  not selected
0.5098767196527394 0.5098767196527394 [-1, 0, 0] [-1, 1, 0] [2, -1, 0]  not selected
0.5098767196527394 0.5098767196527394 [-1, -1, 0] [0, -1, 0] [1, 2, 0]  not selected
0.5098767196527394 0.5098767196527394 [0, 1, 0] [0, 1, 1] [0, -2, -1]  not selected
0.5098767196527394 0.5098767196527394 [-1, 0, 1] [0, 0, 1] [1, 0, -2]  not selected
0.5098767196527394 0.5098767196527394 [-1, 0, -1] [0, 0, -1] [1, 0, 2]  not selected
0.5098767196527394 0.5098767196527394 [0, 0, 1] [-1, 0, 1] [1, 0, -2]  not selected
0.5098767196527394 0.5098767196527394 [-1, 1, 0] [-1, 0, 0] [2, -1, 0]  not selected
0.5098767196527394 0.5098767196527394 [0, -1, 1] [0, -1, 0] [0, 2, -1]  not selected
0.5098767196527394 0.5098767196527394 [1, 0, 0] [1, -1, 0] [-2, 1, 0]  not selected
0.5098767196527394 0.5098767196527394 [0, -1, -1] [0, 0, -1] [0, 1, 2]  not selected
0.5098767196527394 0.5098767196527394 [-1, -1, 0] [-1, 0, 0] [2, 1, 0]  not selected
0.5098767196527394 0.5098767196527394 [1, 0, 1] [1, 0, 0] [-2, 0, -1]  not selected
0.5098767196527394 0.5098767196527394 [0, 0, -1] [1, 0, -1] [-1, 0, 2]  not selected
0.5098767196527394 0.5098767196527394 [1, 0, 0] [1, 0, -1] [-2, 0, 1]  not selected
0.5098767196527394 0.5098767196527394 [0, 1, -1] [0, 1, 0] [0, -2, 1]  not selected
0.5098767196527394 0.5098767196527394 [1, 1, 0] [0, 1, 0] [-1, -2, 0]  not selected
0.5098767196527394 0.5098767196527394 [1, 0, -1] [1, 0, 0] [-2, 0, 1]  not selected
0.5098767196527394 0.5098767196527394 [0, 1, 1] [0, 1, 0] [0, -2, -1]  not selected
0.5098767196527394 0.5098767196527394 [0, -1, 1] [0, 0, 1] [0, 1, -2]  not selected
0.5098767196527394 0.5098767196527394 [1, 0, -1] [0, 0, -1] [-1, 0, 2]  not selected
0.5098767196527394 0.5098767196527394 [0, 0, -1] [0, -1, -1] [0, 1, 2]  not selected
0.5098767196527394 0.5098767196527394 [0, 0, 1] [0, -1, 1] [0, 1, -2]  not selected
0.5098767196527394 0.5098767196527394 [1, -1, 0] [1, 0, 0] [-2, 1, 0]  not selected
0.5098767196527394 0.5098767196527394 [0, 1, 0] [0, 1, -1] [0, -2, 1]  not selected
0.5098767196527394 0.5098767196527394 [-1, 0, -1] [-1, 0, 0] [2, 0, 1]  not selected
0.5098767196527394 0.5098767196527394 [1, -1, 0] [0, -1, 0] [-1, 2, 0]  not selected
0.5098767196527394 0.5098767196527394 [1, 0, 1] [0, 0, 1] [-1, 0, -2]  not selected
0.5098767196527394 0.5098767196527394 [0, -1, 0] [-1, -1, 0] [1, 2, 0]  not selected
0.5098767196527394 0.5098767196527394 [0, 1, 0] [-1, 1, 0] [1, -2, 0]  not selected
0.5098767196527394 0.5098767196527394 [-1, 0, 1] [-1, 0, 0] [2, 0, -1]  not selected
0.5143297120182625 0.5143297120182625 [0, 2, 0] [-1, -1, 0] [1, -1, 0]  selected
0.5143297120182625 0.5143297120182625 [0, -1, 1] [0, 2, 0] [0, -1, -1]  not selected
0.5143297120182625 0.5143297120182625 [0, 0, -2] [1, 0, 1] [-1, 0, 1]  not selected
0.5143297120182625 0.5143297120182625 [1, 1, 0] [-2, 0, 0] [1, -1, 0]  not selected
0.5143297120182625 0.5143297120182625 [-1, 0, -1] [0, 0, 2] [1, 0, -1]  not selected
0.5143297120182625 0.5143297120182625 [0, 0, -2] [-1, 0, 1] [1, 0, 1]  not selected
0.5143297120182625 0.5143297120182625 [-2, 0, 0] [1, -1, 0] [1, 1, 0]  not selected
0.5143297120182625 0.5143297120182625 [1, 0, -1] [-2, 0, 0] [1, 0, 1]  not selected
0.5143297120182625 0.5143297120182625 [1, 0, -1] [0, 0, 2] [-1, 0, -1]  not selected
0.5143297120182625 0.5143297120182625 [-1, 0, -1] [2, 0, 0] [-1, 0, 1]  not selected
0.5143297120182625 0.5143297120182625 [-2, 0, 0] [1, 0, -1] [1, 0, 1]  not selected
0.5143297120182625 0.5143297120182625 [0, 0, -2] [0, -1, 1] [0, 1, 1]  not selected
0.5143297120182625 0.5143297120182625 [0, 2, 0] [1, -1, 0] [-1, -1, 0]  not selected
0.5143297120182625 0.5143297120182625 [0, 0, -2] [0, 1, 1] [0, -1, 1]  not selected
0.5143297120182625 0.5143297120182625 [-2, 0, 0] [1, 1, 0] [1, -1, 0]  not selected
0.5143297120182625 0.5143297120182625 [0, 2, 0] [0, -1, -1] [0, -1, 1]  not selected
0.5143297120182625 0.5143297120182625 [0, 2, 0] [0, -1, 1] [0, -1, -1]  not selected
0.5143297120182625 0.5143297120182625 [-2, 0, 0] [1, 0, 1] [1, 0, -1]  not selected
0.5143297120182625 0.5143297120182625 [-1, 0, 1] [2, 0, 0] [-1, 0, -1]  not selected
0.5143297120182625 0.5143297120182625 [2, 0, 0] [-1, 1, 0] [-1, -1, 0]  not selected
0.5143297120182625 0.5143297120182625 [0, -2, 0] [0, 1, 1] [0, 1, -1]  not selected
0.5143297120182625 0.5143297120182625 [0, 0, 2] [0, -1, -1] [0, 1, -1]  not selected
0.5143297120182625 0.5143297120182625 [0, 1, 1] [0, 0, -2] [0, -1, 1]  not selected
0.5143297120182625 0.5143297120182625 [0, 1, -1] [0, 0, 2] [0, -1, -1]  not selected
0.5143297120182625 0.5143297120182625 [2, 0, 0] [-1, -1, 0] [-1, 1, 0]  not selected
0.5143297120182625 0.5143297120182625 [0, 0, 2] [0, 1, -1] [0, -1, -1]  not selected
0.5143297120182625 0.5143297120182625 [1, 0, 1] [-2, 0, 0] [1, 0, -1]  not selected
0.5143297120182625 0.5143297120182625 [0, 0, 2] [1, 0, -1] [-1, 0, -1]  not selected
0.5143297120182625 0.5143297120182625 [0, 1, 1] [0, -2, 0] [0, 1, -1]  not selected
0.5143297120182625 0.5143297120182625 [1, -1, 0] [0, 2, 0] [-1, -1, 0]  not selected
0.5143297120182625 0.5143297120182625 [-1, -1, 0] [2, 0, 0] [-1, 1, 0]  not selected
0.5143297120182625 0.5143297120182625 [0, -1, -1] [0, 2, 0] [0, -1, 1]  not selected
0.5143297120182625 0.5143297120182625 [0, -1, 1] [0, 0, -2] [0, 1, 1]  not selected
0.5143297120182625 0.5143297120182625 [0, -1, -1] [0, 0, 2] [0, 1, -1]  not selected
0.5143297120182625 0.5143297120182625 [0, -2, 0] [1, 1, 0] [-1, 1, 0]  not selected
0.5143297120182625 0.5143297120182625 [0, 0, 2] [-1, 0, -1] [1, 0, -1]  not selected
0.5143297120182625 0.5143297120182625 [0, -2, 0] [0, 1, -1] [0, 1, 1]  not selected
0.5143297120182625 0.5143297120182625 [-1, 0, 1] [0, 0, -2] [1, 0, 1]  not selected
0.5143297120182625 0.5143297120182625 [1, 0, 1] [0, 0, -2] [-1, 0, 1]  not selected
0.5143297120182625 0.5143297120182625 [2, 0, 0] [-1, 0, 1] [-1, 0, -1]  not selected
0.5143297120182625 0.5143297120182625 [2, 0, 0] [-1, 0, -1] [-1, 0, 1]  not selected
0.5143297120182625 0.5143297120182625 [1, -1, 0] [-2, 0, 0] [1, 1, 0]  not selected
0.5143297120182625 0.5143297120182625 [-1, -1, 0] [0, 2, 0] [1, -1, 0]  not selected
0.5143297120182625 0.5143297120182625 [-1, 1, 0] [0, -2, 0] [1, 1, 0]  not selected
0.5143297120182625 0.5143297120182625 [0, -2, 0] [-1, 1, 0] [1, 1, 0]  not selected
0.5143297120182625 0.5143297120182625 [0, 1, -1] [0, -2, 0] [0, 1, 1]  not selected
0.5143297120182625 0.5143297120182625 [1, 1, 0] [0, -2, 0] [-1, 1, 0]  not selected
0.5143297120182625 0.5143297120182625 [-1, 1, 0] [2, 0, 0] [-1, -1, 0]  not selected
0.5178540198137815 0.5178540198137815 [-1, 1, 0] [1, 1, 0] [0, -2, 0]  selected
0.5178540198137815 0.5178540198137815 [-1, 0, -1] [-1, 0, 1] [2, 0, 0]  not selected
0.5178540198137815 0.5178540198137815 [-1, -1, 0] [1, -1, 0] [0, 2, 0]  not selected
0.5178540198137815 0.5178540198137815 [1, 0, -1] [-1, 0, -1] [0, 0, 2]  not selected
0.5178540198137815 0.5178540198137815 [-1, 0, -1] [1, 0, -1] [0, 0, 2]  not selected
0.5178540198137815 0.5178540198137815 [1, 0, 1] [1, 0, -1] [-2, 0, 0]  not selected
0.5178540198137815 0.5178540198137815 [0, 1, -1] [0, 1, 1] [0, -2, 0]  not selected
0.5178540198137815 0.5178540198137815 [1, 0, 1] [-1, 0, 1] [0, 0, -2]  not selected
0.5178540198137815 0.5178540198137815 [-1, 0, 1] [1, 0, 1] [0, 0, -2]  not selected
0.5178540198137815 0.5178540198137815 [0, 1, -1] [0, -1, -1] [0, 0, 2]  not selected
0.5178540198137815 0.5178540198137815 [-1, -1, 0] [-1, 1, 0] [2, 0, 0]  not selected
0.5178540198137815 0.5178540198137815 [1, 1, 0] [-1, 1, 0] [0, -2, 0]  not selected
0.5178540198137815 0.5178540198137815 [0, -1, -1] [0, 1, -1] [0, 0, 2]  not selected
0.5178540198137815 0.5178540198137815 [1, 1, 0] [1, -1, 0] [-2, 0, 0]  not selected
0.5178540198137815 0.5178540198137815 [0, -1, -1] [0, -1, 1] [0, 2, 0]  not selected
0.5178540198137815 0.5178540198137815 [0, 1, 1] [0, 1, -1] [0, -2, 0]  not selected
0.5178540198137815 0.5178540198137815 [1, -1, 0] [-1, -1, 0] [0, 2, 0]  not selected
0.5178540198137815 0.5178540198137815 [0, -1, 1] [0, -1, -1] [0, 2, 0]  not selected
0.5178540198137815 0.5178540198137815 [0, -1, 1] [0, 1, 1] [0, 0, -2]  not selected
0.5178540198137815 0.5178540198137815 [0, 1, 1] [0, -1, 1] [0, 0, -2]  not selected
0.5178540198137815 0.5178540198137815 [1, -1, 0] [1, 1, 0] [-2, 0, 0]  not selected
0.5178540198137815 0.5178540198137815 [1, 0, -1] [1, 0, 1] [-2, 0, 0]  not selected
0.5178540198137815 0.5178540198137815 [-1, 0, 1] [-1, 0, -1] [2, 0, 0]  not selected
0.5178540198137815 0.5178540198137815 [-1, 1, 0] [-1, -1, 0] [2, 0, 0]  not selected
0.5523951388001056 0.5523951388001056 [0, 0, 1] [-1, 1, 1] [1, -1, -2]  selected
0.5523951388001056 0.5523951388001056 [-1, -1, 1] [0, 0, 1] [1, 1, -2]  not selected
0.5523951388001056 0.5523951388001056 [0, 1, 0] [1, 1, -1] [-1, -2, 1]  not selected
0.5523951388001056 0.5523951388001056 [0, 1, 0] [-1, 1, -1] [1, -2, 1]  not selected
0.5523951388001056 0.5523951388001056 [0, 0, -1] [1, 1, -1] [-1, -1, 2]  not selected
0.5523951388001056 0.5523951388001056 [0, 1, 0] [-1, 1, 1] [1, -2, -1]  not selected
0.5523951388001056 0.5523951388001056 [1, -1, -1] [0, -1, 0] [-1, 2, 1]  not selected
0.5523951388001056 0.5523951388001056 [0, 1, 0] [1, 1, 1] [-1, -2, -1]  not selected
0.5523951388001056 0.5523951388001056 [1, -1, -1] [0, 0, -1] [-1, 1, 2]  not selected
0.5523951388001056 0.5523951388001056 [1, -1, -1] [1, 0, 0] [-2, 1, 1]  not selected
0.5523951388001056 0.5523951388001056 [-1, -1, 1] [0, -1, 0] [1, 2, -1]  not selected
0.5523951388001056 0.5523951388001056 [0, 0, 1] [-1, -1, 1] [1, 1, -2]  not selected
0.5523951388001056 0.5523951388001056 [0, 0, 1] [1, -1, 1] [-1, 1, -2]  not selected
0.5523951388001056 0.5523951388001056 [1, 1, 1] [0, 1, 0] [-1, -2, -1]  not selected
0.5523951388001056 0.5523951388001056 [1, -1, 1] [1, 0, 0] [-2, 1, -1]  not selected
0.5523951388001056 0.5523951388001056 [0, 0, 1] [1, 1, 1] [-1, -1, -2]  not selected
0.5523951388001056 0.5523951388001056 [1, -1, 1] [0, 0, 1] [-1, 1, -2]  not selected
0.5523951388001056 0.5523951388001056 [1, 1, 1] [1, 0, 0] [-2, -1, -1]  not selected
0.5523951388001056 0.5523951388001056 [1, -1, 1] [0, -1, 0] [-1, 2, -1]  not selected
0.5523951388001056 0.5523951388001056 [1, 1, 1] [0, 0, 1] [-1, -1, -2]  not selected
0.5523951388001056 0.5523951388001056 [-1, -1, 1] [-1, 0, 0] [2, 1, -1]  not selected
0.5523951388001056 0.5523951388001056 [0, 0, -1] [-1, 1, -1] [1, -1, 2]  not selected
0.5523951388001056 0.5523951388001056 [-1, -1, -1] [-1, 0, 0] [2, 1, 1]  not selected
0.5523951388001056 0.5523951388001056 [1, 1, -1] [1, 0, 0] [-2, -1, 1]  not selected
0.5523951388001056 0.5523951388001056 [-1, 0, 0] [-1, 1, 1] [2, -1, -1]  not selected
0.5523951388001056 0.5523951388001056 [1, 0, 0] [1, 1, 1] [-2, -1, -1]  not selected
0.5523951388001056 0.5523951388001056 [1, 0, 0] [1, 1, -1] [-2, -1, 1]  not selected
0.5523951388001056 0.5523951388001056 [-1, 0, 0] [-1, 1, -1] [2, -1, 1]  not selected
0.5523951388001056 0.5523951388001056 [-1, 0, 0] [-1, -1, 1] [2, 1, -1]  not selected
0.5523951388001056 0.5523951388001056 [0, 0, -1] [1, -1, -1] [-1, 1, 2]  not selected
0.5523951388001056 0.5523951388001056 [-1, 0, 0] [-1, -1, -1] [2, 1, 1]  not selected
0.5523951388001056 0.5523951388001056 [0, -1, 0] [1, -1, 1] [-1, 2, -1]  not selected
0.5523951388001056 0.5523951388001056 [-1, 1, -1] [0, 0, -1] [1, -1, 2]  not selected
0.5523951388001056 0.5523951388001056 [1, 0, 0] [1, -1, 1] [-2, 1, -1]  not selected
0.5523951388001056 0.5523951388001056 [0, -1, 0] [1, -1, -1] [-1, 2, 1]  not selected
0.5523951388001056 0.5523951388001056 [1, 0, 0] [1, -1, -1] [-2, 1, 1]  not selected
0.5523951388001056 0.5523951388001056 [-1, 1, 1] [-1, 0, 0] [2, -1, -1]  not selected
0.5523951388001056 0.5523951388001056 [-1, -1, -1] [0, 0, -1] [1, 1, 2]  not selected
0.5523951388001056 0.5523951388001056 [-1, 1, 1] [0, 1, 0] [1, -2, -1]  not selected
0.5523951388001056 0.5523951388001056 [-1, 1, 1] [0, 0, 1] [1, -1, -2]  not selected
0.5523951388001056 0.5523951388001056 [1, 1, -1] [0, 0, -1] [-1, -1, 2]  not selected
0.5523951388001056 0.5523951388001056 [0, -1, 0] [-1, -1, -1] [1, 2, 1]  not selected
0.5523951388001056 0.5523951388001056 [0, -1, 0] [-1, -1, 1] [1, 2, -1]  not selected
0.5523951388001056 0.5523951388001056 [-1, 1, -1] [0, 1, 0] [1, -2, 1]  not selected
0.5523951388001056 0.5523951388001056 [0, 0, -1] [-1, -1, -1] [1, 1, 2]  not selected
0.5523951388001056 0.5523951388001056 [-1, -1, -1] [0, -1, 0] [1, 2, 1]  not selected
0.5523951388001056 0.5523951388001056 [-1, 1, -1] [-1, 0, 0] [2, -1, 1]  not selected
0.5523951388001056 0.5523951388001056 [1, 1, -1] [0, 1, 0] [-1, -2, 1]  not selected
0.5550988355060171 0.5550988355060171 [0, 0, 1] [0, -2, 0] [0, 2, -1]  selected
0.5550988355060171 0.5550988355060171 [2, 0, 0] [0, -1, 0] [-2, 1, 0]  not selected
0.5550988355060171 0.5550988355060171 [0, 0, 2] [1, 0, 0] [-1, 0, -2]  not selected
0.5550988355060171 0.5550988355060171 [1, 0, 0] [0, 0, -2] [-1, 0, 2]  not selected
0.5550988355060171 0.5550988355060171 [0, 0, 2] [-1, 0, 0] [1, 0, -2]  not selected
0.5550988355060171 0.5550988355060171 [0, -2, 0] [1, 0, 0] [-1, 2, 0]  not selected
0.5550988355060171 0.5550988355060171 [0, 0, 2] [0, -1, 0] [0, 1, -2]  not selected
0.5550988355060171 0.5550988355060171 [-2, 0, 0] [0, 0, 1] [2, 0, -1]  not selected
0.5550988355060171 0.5550988355060171 [-1, 0, 0] [0, 0, -2] [1, 0, 2]  not selected
0.5550988355060171 0.5550988355060171 [-2, 0, 0] [0, 0, -1] [2, 0, 1]  not selected
0.5550988355060171 0.5550988355060171 [0, 0, 2] [0, 1, 0] [0, -1, -2]  not selected
0.5550988355060171 0.5550988355060171 [-1, 0, 0] [0, 0, 2] [1, 0, -2]  not selected
0.5550988355060171 0.5550988355060171 [0, 0, 1] [0, 2, 0] [0, -2, -1]  not selected
0.5550988355060171 0.5550988355060171 [0, -1, 0] [-2, 0, 0] [2, 1, 0]  not selected
0.5550988355060171 0.5550988355060171 [0, -1, 0] [0, 0, 2] [0, 1, -2]  not selected
0.5550988355060171 0.5550988355060171 [1, 0, 0] [0, 2, 0] [-1, -2, 0]  not selected
0.5550988355060171 0.5550988355060171 [0, -1, 0] [2, 0, 0] [-2, 1, 0]  not selected
0.5550988355060171 0.5550988355060171 [-1, 0, 0] [0, 2, 0] [1, -2, 0]  not selected
0.5550988355060171 0.5550988355060171 [1, 0, 0] [0, 0, 2] [-1, 0, -2]  not selected
0.5550988355060171 0.5550988355060171 [0, 0, 1] [2, 0, 0] [-2, 0, -1]  not selected
0.5550988355060171 0.5550988355060171 [0, 2, 0] [1, 0, 0] [-1, -2, 0]  not selected
0.5550988355060171 0.5550988355060171 [0, -1, 0] [0, 0, -2] [0, 1, 2]  not selected
0.5550988355060171 0.5550988355060171 [0, 0, -1] [0, 2, 0] [0, -2, 1]  not selected
0.5550988355060171 0.5550988355060171 [0, 2, 0] [-1, 0, 0] [1, -2, 0]  not selected
0.5550988355060171 0.5550988355060171 [0, 1, 0] [0, 0, 2] [0, -1, -2]  not selected
0.5550988355060171 0.5550988355060171 [0, 1, 0] [0, 0, -2] [0, -1, 2]  not selected
0.5550988355060171 0.5550988355060171 [0, 0, -1] [2, 0, 0] [-2, 0, 1]  not selected
0.5550988355060171 0.5550988355060171 [0, 0, -1] [0, -2, 0] [0, 2, 1]  not selected
0.5550988355060171 0.5550988355060171 [2, 0, 0] [0, 1, 0] [-2, -1, 0]  not selected
0.5550988355060171 0.5550988355060171 [0, 0, -1] [-2, 0, 0] [2, 0, 1]  not selected
0.5550988355060171 0.5550988355060171 [2, 0, 0] [0, 0, 1] [-2, 0, -1]  not selected
0.5550988355060171 0.5550988355060171 [0, 0, -2] [1, 0, 0] [-1, 0, 2]  not selected
0.5550988355060171 0.5550988355060171 [0, -2, 0] [-1, 0, 0] [1, 2, 0]  not selected
0.5550988355060171 0.5550988355060171 [-1, 0, 0] [0, -2, 0] [1, 2, 0]  not selected
0.5550988355060171 0.5550988355060171 [0, 1, 0] [-2, 0, 0] [2, -1, 0]  not selected
0.5550988355060171 0.5550988355060171 [0, 2, 0] [0, 0, 1] [0, -2, -1]  not selected
0.5550988355060171 0.5550988355060171 [0, 0, -2] [0, -1, 0] [0, 1, 2]  not selected
0.5550988355060171 0.5550988355060171 [0, 0, -2] [-1, 0, 0] [1, 0, 2]  not selected
0.5550988355060171 0.5550988355060171 [0, 2, 0] [0, 0, -1] [0, -2, 1]  not selected
0.5550988355060171 0.5550988355060171 [0, 0, -2] [0, 1, 0] [0, -1, 2]  not selected
0.5550988355060171 0.5550988355060171 [-2, 0, 0] [0, -1, 0] [2, 1, 0]  not selected
0.5550988355060171 0.5550988355060171 [0, 1, 0] [2, 0, 0] [-2, -1, 0]  not selected
0.5550988355060171 0.5550988355060171 [0, 0, 1] [-2, 0, 0] [2, 0, -1]  not selected
0.5550988355060171 0.5550988355060171 [0, -2, 0] [0, 0, -1] [0, 2, 1]  not selected
0.5550988355060171 0.5550988355060171 [-2, 0, 0] [0, 1, 0] [2, -1, 0]  not selected
0.5550988355060171 0.5550988355060171 [0, -2, 0] [0, 0, 1] [0, 2, -1]  not selected
0.5550988355060171 0.5550988355060171 [1, 0, 0] [0, -2, 0] [-1, 2, 0]  not selected
0.5550988355060171 0.5550988355060171 [2, 0, 0] [0, 0, -1] [-2, 0, 1]  not selected
0.5566516376192833 0.5566516376192833 [-1, -1, 0] [-1, 0, 1] [2, 1, -1]  selected
0.5566516376192833 0.5566516376192833 [1, 0, 1] [1, 1, 0] [-2, -1, -1]  not selected
0.5566516376192833 0.5566516376192833 [1, -1, 0] [1, 0, -1] [-2, 1, 1]  not selected
0.5566516376192833 0.5566516376192833 [1, 1, 0] [0, 1, -1] [-1, -2, 1]  not selected
0.5566516376192833 0.5566516376192833 [-1, -1, 0] [0, -1, 1] [1, 2, -1]  not selected
0.5566516376192833 0.5566516376192833 [1, -1, 0] [1, 0, 1] [-2, 1, -1]  not selected
0.5566516376192833 0.5566516376192833 [-1, 0, 1] [0, -1, 1] [1, 1, -2]  not selected
0.5566516376192833 0.5566516376192833 [1, -1, 0] [0, -1, 1] [-1, 2, -1]  not selected
0.5566516376192833 0.5566516376192833 [0, -1, -1] [1, 0, -1] [-1, 1, 2]  not selected
0.5566516376192833 0.5566516376192833 [0, -1, -1] [-1, 0, -1] [1, 1, 2]  not selected
0.5566516376192833 0.5566516376192833 [1, 0, 1] [0, -1, 1] [-1, 1, -2]  not selected
0.5566516376192833 0.5566516376192833 [-1, 0, 1] [0, 1, 1] [1, -1, -2]  not selected
0.5566516376192833 0.5566516376192833 [0, 1, 1] [-1, 0, 1] [1, -1, -2]  not selected
0.5566516376192833 0.5566516376192833 [1, 0, 1] [1, -1, 0] [-2, 1, -1]  not selected
0.5566516376192833 0.5566516376192833 [0, 1, -1] [-1, 0, -1] [1, -1, 2]  not selected
0.5566516376192833 0.5566516376192833 [-1, 0, 1] [-1, 1, 0] [2, -1, -1]  not selected
0.5566516376192833 0.5566516376192833 [1, 0, 1] [0, 1, 1] [-1, -1, -2]  not selected
0.5566516376192833 0.5566516376192833 [0, 1, -1] [1, 0, -1] [-1, -1, 2]  not selected
0.5566516376192833 0.5566516376192833 [1, 1, 0] [0, 1, 1] [-1, -2, -1]  not selected
0.5566516376192833 0.5566516376192833 [1, -1, 0] [0, -1, -1] [-1, 2, 1]  not selected
0.5566516376192833 0.5566516376192833 [0, -1, -1] [-1, -1, 0] [1, 2, 1]  not selected
0.5566516376192833 0.5566516376192833 [0, 1, -1] [1, 1, 0] [-1, -2, 1]  not selected
0.5566516376192833 0.5566516376192833 [0, 1, -1] [-1, 1, 0] [1, -2, 1]  not selected
0.5566516376192833 0.5566516376192833 [0, 1, 1] [-1, 1, 0] [1, -2, -1]  not selected
0.5566516376192833 0.5566516376192833 [0, -1, -1] [1, -1, 0] [-1, 2, 1]  not selected
0.5566516376192833 0.5566516376192833 [-1, -1, 0] [0, -1, -1] [1, 2, 1]  not selected
0.5566516376192833 0.5566516376192833 [1, 1, 0] [1, 0, 1] [-2, -1, -1]  not selected
0.5566516376192833 0.5566516376192833 [0, -1, 1] [-1, 0, 1] [1, 1, -2]  not selected
0.5566516376192833 0.5566516376192833 [0, -1, 1] [1, -1, 0] [-1, 2, -1]  not selected
0.5566516376192833 0.5566516376192833 [0, -1, 1] [-1, -1, 0] [1, 2, -1]  not selected
0.5566516376192833 0.5566516376192833 [-1, 0, -1] [-1, -1, 0] [2, 1, 1]  not selected
0.5566516376192833 0.5566516376192833 [0, 1, 1] [1, 1, 0] [-1, -2, -1]  not selected
0.5566516376192833 0.5566516376192833 [0, -1, 1] [1, 0, 1] [-1, 1, -2]  not selected
0.5566516376192833 0.5566516376192833 [-1, -1, 0] [-1, 0, -1] [2, 1, 1]  not selected
0.5566516376192833 0.5566516376192833 [0, 1, 1] [1, 0, 1] [-1, -1, -2]  not selected
0.5566516376192833 0.5566516376192833 [1, 0, -1] [1, -1, 0] [-2, 1, 1]  not selected
0.5566516376192833 0.5566516376192833 [1, 0, -1] [1, 1, 0] [-2, -1, 1]  not selected
0.5566516376192833 0.5566516376192833 [-1, 1, 0] [-1, 0, -1] [2, -1, 1]  not selected
0.5566516376192833 0.5566516376192833 [-1, 0, -1] [-1, 1, 0] [2, -1, 1]  not selected
0.5566516376192833 0.5566516376192833 [1, 0, -1] [0, -1, -1] [-1, 1, 2]  not selected
0.5566516376192833 0.5566516376192833 [-1, 0, -1] [0, 1, -1] [1, -1, 2]  not selected
0.5566516376192833 0.5566516376192833 [-1, 0, 1] [-1, -1, 0] [2, 1, -1]  not selected
0.5566516376192833 0.5566516376192833 [1, 1, 0] [1, 0, -1] [-2, -1, 1]  not selected
0.5566516376192833 0.5566516376192833 [-1, 1, 0] [0, 1, -1] [1, -2, 1]  not selected
0.5566516376192833 0.5566516376192833 [-1, 0, -1] [0, -1, -1] [1, 1, 2]  not selected
0.5566516376192833 0.5566516376192833 [-1, 1, 0] [0, 1, 1] [1, -2, -1]  not selected
0.5566516376192833 0.5566516376192833 [-1, 1, 0] [-1, 0, 1] [2, -1, -1]  not selected
0.5566516376192833 0.5566516376192833 [1, 0, -1] [0, 1, -1] [-1, -1, 2]  not selected
0.562123479449461 0.562123479449461 [-1, 1, -1] [0, 1, 1] [1, -2, 0]  selected
0.562123479449461 0.562123479449461 [-1, 1, 1] [-1, 0, -1] [2, -1, 0]  not selected
0.562123479449461 0.562123479449461 [1, -1, -1] [0, -1, 1] [-1, 2, 0]  not selected
0.562123479449461 0.562123479449461 [-1, 1, -1] [-1, 0, 1] [2, -1, 0]  not selected
0.562123479449461 0.562123479449461 [1, 1, -1] [-1, 1, 0] [0, -2, 1]  not selected
0.562123479449461 0.562123479449461 [-1, 0, 1] [1, 1, 1] [0, -1, -2]  not selected
0.562123479449461 0.562123479449461 [1, 1, -1] [0, -1, -1] [-1, 0, 2]  not selected
0.562123479449461 0.562123479449461 [-1, -1, -1] [1, -1, 0] [0, 2, 1]  not selected
0.562123479449461 0.562123479449461 [-1, -1, 0] [-1, 1, 1] [2, 0, -1]  not selected
0.562123479449461 0.562123479449461 [1, -1, -1] [-1, 0, -1] [0, 1, 2]  not selected
0.562123479449461 0.562123479449461 [1, 1, -1] [-1, 0, -1] [0, -1, 2]  not selected
0.562123479449461 0.562123479449461 [1, -1, -1] [-1, -1, 0] [0, 2, 1]  not selected
0.562123479449461 0.562123479449461 [-1, -1, 0] [-1, 1, -1] [2, 0, 1]  not selected
0.562123479449461 0.562123479449461 [-1, -1, -1] [1, 0, -1] [0, 1, 2]  not selected
0.562123479449461 0.562123479449461 [-1, 1, 1] [-1, -1, 0] [2, 0, -1]  not selected
0.562123479449461 0.562123479449461 [-1, 1, -1] [1, 0, -1] [0, -1, 2]  not selected
0.562123479449461 0.562123479449461 [1, -1, 0] [-1, -1, 1] [0, 2, -1]  not selected
0.562123479449461 0.562123479449461 [1, -1, 0] [-1, -1, -1] [0, 2, 1]  not selected
0.562123479449461 0.562123479449461 [0, 1, 1] [-1, 1, -1] [1, -2, 0]  not selected
0.562123479449461 0.562123479449461 [1, 1, -1] [0, 1, 1] [-1, -2, 0]  not selected
0.562123479449461 0.562123479449461 [-1, 1, 1] [0, -1, 1] [1, 0, -2]  not selected
0.562123479449461 0.562123479449461 [0, 1, 1] [1, -1, 1] [-1, 0, -2]  not selected
0.562123479449461 0.562123479449461 [-1, 1, 0] [-1, -1, 1] [2, 0, -1]  not selected
0.562123479449461 0.562123479449461 [-1, 1, -1] [-1, -1, 0] [2, 0, 1]  not selected
0.562123479449461 0.562123479449461 [0, 1, 1] [1, 1, -1] [-1, -2, 0]  not selected
0.562123479449461 0.562123479449461 [1, 1, 0] [-1, 1, -1] [0, -2, 1]  not selected
0.562123479449461 0.562123479449461 [-1, 1, 0] [1, 1, -1] [0, -2, 1]  not selected
0.562123479449461 0.562123479449461 [1, -1, -1] [1, 1, 0] [-2, 0, 1]  not selected
0.562123479449461 0.562123479449461 [1, -1, -1] [1, 0, 1] [-2, 1, 0]  not selected
0.562123479449461 0.562123479449461 [-1, 1, 0] [-1, -1, -1] [2, 0, 1]  not selected
0.562123479449461 0.562123479449461 [-1, 1, 0] [1, 1, 1] [0, -2, -1]  not selected
0.562123479449461 0.562123479449461 [1, -1, -1] [0, 1, -1] [-1, 0, 2]  not selected
0.562123479449461 0.562123479449461 [1, 1, -1] [1, 0, 1] [-2, -1, 0]  not selected
0.562123479449461 0.562123479449461 [-1, 1, -1] [1, 1, 0] [0, -2, 1]  not selected
0.562123479449461 0.562123479449461 [1, 1, 0] [-1, 1, 1] [0, -2, -1]  not selected
0.562123479449461 0.562123479449461 [-1, 1, -1] [0, -1, -1] [1, 0, 2]  not selected
0.562123479449461 0.562123479449461 [0, 1, 1] [-1, -1, 1] [1, 0, -2]  not selected
0.562123479449461 0.562123479449461 [1, 1, -1] [1, -1, 0] [-2, 0, 1]  not selected
0.562123479449461 0.562123479449461 [1, 1, 0] [1, -1, -1] [-2, 0, 1]  not selected
0.562123479449461 0.562123479449461 [-1, 0, 1] [1, -1, 1] [0, 1, -2]  not selected
0.562123479449461 0.562123479449461 [-1, 0, 1] [-1, -1, -1] [2, 1, 0]  not selected
0.562123479449461 0.562123479449461 [-1, -1, -1] [0, -1, 1] [1, 2, 0]  not selected
0.562123479449461 0.562123479449461 [1, 1, 1] [1, 0, -1] [-2, -1, 0]  not selected
0.562123479449461 0.562123479449461 [-1, -1, 1] [-1, 1, 0] [2, 0, -1]  not selected
0.562123479449461 0.562123479449461 [1, 1, 1] [1, -1, 0] [-2, 0, -1]  not selected
0.562123479449461 0.562123479449461 [0, -1, 1] [-1, -1, -1] [1, 2, 0]  not selected
0.562123479449461 0.562123479449461 [-1, -1, 1] [0, -1, -1] [1, 2, 0]  not selected
0.562123479449461 0.562123479449461 [1, 1, 1] [0, 1, -1] [-1, -2, 0]  not selected
0.562123479449461 0.562123479449461 [1, -1, 1] [0, 1, 1] [-1, 0, -2]  not selected
0.562123479449461 0.562123479449461 [0, -1, 1] [-1, 1, 1] [1, 0, -2]  not selected
0.562123479449461 0.562123479449461 [-1, -1, -1] [-1, 0, 1] [2, 1, 0]  not selected
0.562123479449461 0.562123479449461 [-1, -1, 1] [0, 1, 1] [1, 0, -2]  not selected
0.562123479449461 0.562123479449461 [0, -1, 1] [1, -1, -1] [-1, 2, 0]  not selected
0.562123479449461 0.562123479449461 [-1, -1, 1] [1, -1, 0] [0, 2, -1]  not selected
0.562123479449461 0.562123479449461 [1, 1, 1] [0, -1, 1] [-1, 0, -2]  not selected
0.562123479449461 0.562123479449461 [0, -1, 1] [1, 1, 1] [-1, 0, -2]  not selected
0.562123479449461 0.562123479449461 [-1, -1, 1] [1, 0, 1] [0, 1, -2]  not selected
0.562123479449461 0.562123479449461 [1, -1, 1] [1, 0, -1] [-2, 1, 0]  not selected
0.562123479449461 0.562123479449461 [1, -1, 1] [1, 1, 0] [-2, 0, -1]  not selected
0.562123479449461 0.562123479449461 [1, 0, -1] [1, 1, 1] [-2, -1, 0]  not selected
0.562123479449461 0.562123479449461 [1, 1, 1] [-1, 1, 0] [0, -2, -1]  not selected
0.562123479449461 0.562123479449461 [1, 0, -1] [-1, -1, -1] [0, 1, 2]  not selected
0.562123479449461 0.562123479449461 [1, 0, -1] [1, -1, 1] [-2, 1, 0]  not selected
0.562123479449461 0.562123479449461 [-1, 0, -1] [-1, -1, 1] [2, 1, 0]  not selected
0.562123479449461 0.562123479449461 [1, 1, 1] [-1, 0, 1] [0, -1, -2]  not selected
0.562123479449461 0.562123479449461 [-1, 0, -1] [1, 1, -1] [0, -1, 2]  not selected
0.562123479449461 0.562123479449461 [1, 0, -1] [-1, 1, -1] [0, -1, 2]  not selected
0.562123479449461 0.562123479449461 [-1, 0, -1] [1, -1, -1] [0, 1, 2]  not selected
0.562123479449461 0.562123479449461 [-1, 0, -1] [-1, 1, 1] [2, -1, 0]  not selected
0.562123479449461 0.562123479449461 [1, -1, 1] [0, -1, -1] [-1, 2, 0]  not selected
0.562123479449461 0.562123479449461 [-1, -1, 1] [-1, 0, -1] [2, 1, 0]  not selected
0.562123479449461 0.562123479449461 [-1, -1, -1] [-1, 1, 0] [2, 0, 1]  not selected
0.562123479449461 0.562123479449461 [0, 1, -1] [-1, 1, 1] [1, -2, 0]  not selected
0.562123479449461 0.562123479449461 [0, 1, -1] [1, -1, -1] [-1, 0, 2]  not selected
0.562123479449461 0.562123479449461 [1, 0, 1] [-1, -1, 1] [0, 1, -2]  not selected
0.562123479449461 0.562123479449461 [0, 1, -1] [1, 1, 1] [-1, -2, 0]  not selected
0.562123479449461 0.562123479449461 [0, -1, -1] [-1, -1, 1] [1, 2, 0]  not selected
0.562123479449461 0.562123479449461 [0, -1, -1] [-1, 1, -1] [1, 0, 2]  not selected
0.562123479449461 0.562123479449461 [1, -1, 1] [-1, 0, 1] [0, 1, -2]  not selected
0.562123479449461 0.562123479449461 [-1, -1, 0] [1, -1, -1] [0, 2, 1]  not selected
0.562123479449461 0.562123479449461 [1, 0, 1] [1, -1, -1] [-2, 1, 0]  not selected
0.562123479449461 0.562123479449461 [-1, -1, -1] [0, 1, -1] [1, 0, 2]  not selected
0.562123479449461 0.562123479449461 [0, 1, -1] [-1, -1, -1] [1, 0, 2]  not selected
0.562123479449461 0.562123479449461 [-1, -1, 0] [1, -1, 1] [0, 2, -1]  not selected
0.562123479449461 0.562123479449461 [0, -1, -1] [1, -1, 1] [-1, 2, 0]  not selected
0.562123479449461 0.562123479449461 [0, -1, -1] [1, 1, -1] [-1, 0, 2]  not selected
0.562123479449461 0.562123479449461 [-1, 0, 1] [-1, 1, -1] [2, -1, 0]  not selected
0.562123479449461 0.562123479449461 [1, -1, 0] [1, 1, -1] [-2, 0, 1]  not selected
0.562123479449461 0.562123479449461 [1, 1, 0] [1, -1, 1] [-2, 0, -1]  not selected
0.562123479449461 0.562123479449461 [1, -1, 0] [1, 1, 1] [-2, 0, -1]  not selected
0.562123479449461 0.562123479449461 [-1, 1, 1] [1, 0, 1] [0, -1, -2]  not selected
0.562123479449461 0.562123479449461 [1, 0, 1] [1, 1, -1] [-2, -1, 0]  not selected
0.562123479449461 0.562123479449461 [1, -1, 1] [-1, -1, 0] [0, 2, -1]  not selected
0.562123479449461 0.562123479449461 [-1, 1, 1] [0, 1, -1] [1, -2, 0]  not selected
0.562123479449461 0.562123479449461 [-1, 1, 1] [1, 1, 0] [0, -2, -1]  not selected
0.562123479449461 0.562123479449461 [1, 0, 1] [-1, 1, 1] [0, -1, -2]  not selected
0.5644293371438983 0.5644293371438983 [1, 1, -1] [0, -2, 0] [-1, 1, 1]  selected
0.5644293371438983 0.5644293371438983 [1, 1, -1] [-2, 0, 0] [1, -1, 1]  not selected
0.5644293371438983 0.5644293371438983 [1, 1, 1] [-2, 0, 0] [1, -1, -1]  not selected
0.5644293371438983 0.5644293371438983 [1, 1, -1] [0, 0, 2] [-1, -1, -1]  not selected
0.5644293371438983 0.5644293371438983 [1, -1, 1] [0, 2, 0] [-1, -1, -1]  not selected
0.5644293371438983 0.5644293371438983 [1, -1, -1] [0, 0, 2] [-1, 1, -1]  not selected
0.5644293371438983 0.5644293371438983 [1, 1, 1] [0, 0, -2] [-1, -1, 1]  not selected
0.5644293371438983 0.5644293371438983 [2, 0, 0] [-1, 1, 1] [-1, -1, -1]  not selected
0.5644293371438983 0.5644293371438983 [1, -1, -1] [0, 2, 0] [-1, -1, 1]  not selected
0.5644293371438983 0.5644293371438983 [1, -1, 1] [-2, 0, 0] [1, 1, -1]  not selected
0.5644293371438983 0.5644293371438983 [2, 0, 0] [-1, 1, -1] [-1, -1, 1]  not selected
0.5644293371438983 0.5644293371438983 [2, 0, 0] [-1, -1, 1] [-1, 1, -1]  not selected
0.5644293371438983 0.5644293371438983 [2, 0, 0] [-1, -1, -1] [-1, 1, 1]  not selected
0.5644293371438983 0.5644293371438983 [1, -1, 1] [0, 0, -2] [-1, 1, 1]  not selected
0.5644293371438983 0.5644293371438983 [1, 1, 1] [0, -2, 0] [-1, 1, -1]  not selected
0.5644293371438983 0.5644293371438983 [1, -1, -1] [-2, 0, 0] [1, 1, 1]  not selected
0.5644293371438983 0.5644293371438983 [-1, -1, -1] [0, 2, 0] [1, -1, 1]  not selected
0.5644293371438983 0.5644293371438983 [-2, 0, 0] [1, 1, -1] [1, -1, 1]  not selected
0.5644293371438983 0.5644293371438983 [0, 0, -2] [-1, -1, 1] [1, 1, 1]  not selected
0.5644293371438983 0.5644293371438983 [0, 0, 2] [1, 1, -1] [-1, -1, -1]  not selected
0.5644293371438983 0.5644293371438983 [0, 2, 0] [-1, -1, -1] [1, -1, 1]  not selected
0.5644293371438983 0.5644293371438983 [0, 0, -2] [-1, 1, 1] [1, -1, 1]  not selected
0.5644293371438983 0.5644293371438983 [0, 0, -2] [1, -1, 1] [-1, 1, 1]  not selected
0.5644293371438983 0.5644293371438983 [0, 0, -2] [1, 1, 1] [-1, -1, 1]  not selected
0.5644293371438983 0.5644293371438983 [-2, 0, 0] [1, 1, 1] [1, -1, -1]  not selected
0.5644293371438983 0.5644293371438983 [-1, 1, -1] [0, -2, 0] [1, 1, 1]  not selected
0.5644293371438983 0.5644293371438983 [-1, -1, -1] [0, 0, 2] [1, 1, -1]  not selected
0.5644293371438983 0.5644293371438983 [-2, 0, 0] [1, -1, -1] [1, 1, 1]  not selected
0.5644293371438983 0.5644293371438983 [0, 0, 2] [-1, -1, -1] [1, 1, -1]  not selected
0.5644293371438983 0.5644293371438983 [0, 0, 2] [-1, 1, -1] [1, -1, -1]  not selected
0.5644293371438983 0.5644293371438983 [-1, -1, 1] [2, 0, 0] [-1, 1, -1]  not selected
0.5644293371438983 0.5644293371438983 [-1, -1, 1] [0, 2, 0] [1, -1, -1]  not selected
0.5644293371438983 0.5644293371438983 [-1, -1, 1] [0, 0, -2] [1, 1, 1]  not selected
0.5644293371438983 0.5644293371438983 [0, 0, 2] [1, -1, -1] [-1, 1, -1]  not selected
0.5644293371438983 0.5644293371438983 [-2, 0, 0] [1, -1, 1] [1, 1, -1]  not selected
0.5644293371438983 0.5644293371438983 [-1, 1, -1] [0, 0, 2] [1, -1, -1]  not selected
0.5644293371438983 0.5644293371438983 [0, 2, 0] [-1, -1, 1] [1, -1, -1]  not selected
0.5644293371438983 0.5644293371438983 [0, -2, 0] [-1, 1, 1] [1, 1, -1]  not selected
0.5644293371438983 0.5644293371438983 [-1, -1, -1] [2, 0, 0] [-1, 1, 1]  not selected
0.5644293371438983 0.5644293371438983 [0, -2, 0] [1, 1, 1] [-1, 1, -1]  not selected
0.5644293371438983 0.5644293371438983 [0, -2, 0] [1, 1, -1] [-1, 1, 1]  not selected
0.5644293371438983 0.5644293371438983 [-1, 1, 1] [0, -2, 0] [1, 1, -1]  not selected
0.5644293371438983 0.5644293371438983 [-1, 1, -1] [2, 0, 0] [-1, -1, 1]  not selected
0.5644293371438983 0.5644293371438983 [0, 2, 0] [1, -1, 1] [-1, -1, -1]  not selected
0.5644293371438983 0.5644293371438983 [0, -2, 0] [-1, 1, -1] [1, 1, 1]  not selected
0.5644293371438983 0.5644293371438983 [-1, 1, 1] [2, 0, 0] [-1, -1, -1]  not selected
0.5644293371438983 0.5644293371438983 [0, 2, 0] [1, -1, -1] [-1, -1, 1]  not selected
0.5644293371438983 0.5644293371438983 [-1, 1, 1] [0, 0, -2] [1, -1, 1]  not selected
0.5658442807913253 0.5658442807913253 [-1, -1, 1] [1, -1, -1] [0, 2, 0]  selected
0.5658442807913253 0.5658442807913253 [1, 1, -1] [-1, -1, -1] [0, 0, 2]  not selected
0.5658442807913253 0.5658442807913253 [-1, -1, -1] [-1, 1, 1] [2, 0, 0]  not selected
0.5658442807913253 0.5658442807913253 [1, -1, 1] [-1, -1, -1] [0, 2, 0]  not selected
0.5658442807913253 0.5658442807913253 [1, 1, 1] [1, -1, -1] [-2, 0, 0]  not selected
0.5658442807913253 0.5658442807913253 [-1, -1, 1] [1, 1, 1] [0, 0, -2]  not selected
0.5658442807913253 0.5658442807913253 [1, -1, 1] [-1, 1, 1] [0, 0, -2]  not selected
0.5658442807913253 0.5658442807913253 [1, -1, 1] [1, 1, -1] [-2, 0, 0]  not selected
0.5658442807913253 0.5658442807913253 [-1, 1, 1] [1, -1, 1] [0, 0, -2]  not selected
0.5658442807913253 0.5658442807913253 [-1, 1, 1] [1, 1, -1] [0, -2, 0]  not selected
0.5658442807913253 0.5658442807913253 [1, 1, 1] [-1, 1, -1] [0, -2, 0]  not selected
0.5658442807913253 0.5658442807913253 [-1, 1, -1] [1, -1, -1] [0, 0, 2]  not selected
0.5658442807913253 0.5658442807913253 [1, 1, 1] [-1, -1, 1] [0, 0, -2]  not selected
0.5658442807913253 0.5658442807913253 [1, 1, -1] [1, -1, 1] [-2, 0, 0]  not selected
0.5658442807913253 0.5658442807913253 [-1, 1, -1] [1, 1, 1] [0, -2, 0]  not selected
0.5658442807913253 0.5658442807913253 [-1, 1, -1] [-1, -1, 1] [2, 0, 0]  not selected
0.5658442807913253 0.5658442807913253 [-1, 1, 1] [-1, -1, -1] [2, 0, 0]  not selected
0.5658442807913253 0.5658442807913253 [-1, -1, 1] [-1, 1, -1] [2, 0, 0]  not selected
0.5658442807913253 0.5658442807913253 [1, 1, -1] [-1, 1, 1] [0, -2, 0]  not selected
0.5658442807913253 0.5658442807913253 [1, -1, -1] [1, 1, 1] [-2, 0, 0]  not selected
0.5658442807913253 0.5658442807913253 [-1, -1, -1] [1, 1, -1] [0, 0, 2]  not selected
0.5658442807913253 0.5658442807913253 [-1, -1, -1] [1, -1, 1] [0, 2, 0]  not selected
0.5658442807913253 0.5658442807913253 [1, -1, -1] [-1, -1, 1] [0, 2, 0]  not selected
0.5658442807913253 0.5658442807913253 [1, -1, -1] [-1, 1, -1] [0, 0, 2]  not selected
0.5898717280305286 0.5898717280305286 [1, 0, 1] [1, 0, 1] [-2, 0, -2]  selected
0.5898717280305286 0.5898717280305286 [0, -1, 1] [0, -1, 1] [0, 2, -2]  not selected
0.5898717280305286 0.5898717280305286 [0, 1, 1] [0, 1, 1] [0, -2, -2]  not selected
0.5898717280305286 0.5898717280305286 [1, -1, 0] [1, -1, 0] [-2, 2, 0]  not selected
0.5898717280305286 0.5898717280305286 [-1, 0, -1] [-1, 0, -1] [2, 0, 2]  not selected
0.5898717280305286 0.5898717280305286 [-1, 1, 0] [-1, 1, 0] [2, -2, 0]  not selected
0.5898717280305286 0.5898717280305286 [-1, 0, 1] [-1, 0, 1] [2, 0, -2]  not selected
0.5898717280305286 0.5898717280305286 [0, -1, -1] [0, -1, -1] [0, 2, 2]  not selected
0.5898717280305286 0.5898717280305286 [1, 0, -1] [1, 0, -1] [-2, 0, 2]  not selected
0.5898717280305286 0.5898717280305286 [1, 1, 0] [1, 1, 0] [-2, -2, 0]  not selected
0.5898717280305286 0.5898717280305286 [-1, -1, 0] [-1, -1, 0] [2, 2, 0]  not selected
0.5898717280305286 0.5898717280305286 [0, 1, -1] [0, 1, -1] [0, -2, 2]  not selected
0.6018737534725609 0.6018737534725609 [1, 1, 0] [0, 0, -2] [-1, -1, 2]  selected
0.6018737534725609 0.6018737534725609 [0, 0, -2] [-1, 1, 0] [1, -1, 2]  not selected
0.6018737534725609 0.6018737534725609 [-1, 0, 1] [0, -2, 0] [1, 2, -1]  not selected
0.6018737534725609 0.6018737534725609 [1, 1, 0] [0, 0, 2] [-1, -1, -2]  not selected
0.6018737534725609 0.6018737534725609 [-1, 0, 1] [0, 2, 0] [1, -2, -1]  not selected
0.6018737534725609 0.6018737534725609 [0, 2, 0] [-1, 0, -1] [1, -2, 1]  not selected
0.6018737534725609 0.6018737534725609 [1, 0, -1] [0, 2, 0] [-1, -2, 1]  not selected
0.6018737534725609 0.6018737534725609 [0, 0, -2] [1, -1, 0] [-1, 1, 2]  not selected
0.6018737534725609 0.6018737534725609 [0, 0, -2] [1, 1, 0] [-1, -1, 2]  not selected
0.6018737534725609 0.6018737534725609 [1, 0, -1] [0, -2, 0] [-1, 2, 1]  not selected
0.6018737534725609 0.6018737534725609 [-1, 0, -1] [0, 2, 0] [1, -2, 1]  not selected
0.6018737534725609 0.6018737534725609 [0, 2, 0] [-1, 0, 1] [1, -2, -1]  not selected
0.6018737534725609 0.6018737534725609 [1, -1, 0] [0, 0, -2] [-1, 1, 2]  not selected
0.6018737534725609 0.6018737534725609 [0, -1, 1] [2, 0, 0] [-2, 1, -1]  not selected
0.6018737534725609 0.6018737534725609 [2, 0, 0] [0, 1, 1] [-2, -1, -1]  not selected
0.6018737534725609 0.6018737534725609 [0, 2, 0] [1, 0, 1] [-1, -2, -1]  not selected
0.6018737534725609 0.6018737534725609 [0, 2, 0] [1, 0, -1] [-1, -2, 1]  not selected
0.6018737534725609 0.6018737534725609 [1, 0, 1] [0, 2, 0] [-1, -2, -1]  not selected
0.6018737534725609 0.6018737534725609 [-1, 1, 0] [0, 0, 2] [1, -1, -2]  not selected
0.6018737534725609 0.6018737534725609 [-1, 1, 0] [0, 0, -2] [1, -1, 2]  not selected
0.6018737534725609 0.6018737534725609 [0, -2, 0] [-1, 0, -1] [1, 2, 1]  not selected
0.6018737534725609 0.6018737534725609 [0, 0, -2] [-1, -1, 0] [1, 1, 2]  not selected
0.6018737534725609 0.6018737534725609 [0, -2, 0] [-1, 0, 1] [1, 2, -1]  not selected
0.6018737534725609 0.6018737534725609 [2, 0, 0] [0, 1, -1] [-2, -1, 1]  not selected
0.6018737534725609 0.6018737534725609 [0, -2, 0] [1, 0, -1] [-1, 2, 1]  not selected
0.6018737534725609 0.6018737534725609 [0, -2, 0] [1, 0, 1] [-1, 2, -1]  not selected
0.6018737534725609 0.6018737534725609 [2, 0, 0] [0, -1, 1] [-2, 1, -1]  not selected
0.6018737534725609 0.6018737534725609 [2, 0, 0] [0, -1, -1] [-2, 1, 1]  not selected
0.6018737534725609 0.6018737534725609 [0, 1, 1] [2, 0, 0] [-2, -1, -1]  not selected
0.6018737534725609 0.6018737534725609 [0, -1, 1] [-2, 0, 0] [2, 1, -1]  not selected
0.6018737534725609 0.6018737534725609 [1, 0, 1] [0, -2, 0] [-1, 2, -1]  not selected
0.6018737534725609 0.6018737534725609 [0, -1, -1] [2, 0, 0] [-2, 1, 1]  not selected
0.6018737534725609 0.6018737534725609 [0, -1, -1] [-2, 0, 0] [2, 1, 1]  not selected
0.6018737534725609 0.6018737534725609 [-2, 0, 0] [0, -1, 1] [2, 1, -1]  not selected
0.6018737534725609 0.6018737534725609 [-1, -1, 0] [0, 0, -2] [1, 1, 2]  not selected
0.6018737534725609 0.6018737534725609 [0, 0, 2] [-1, -1, 0] [1, 1, -2]  not selected
0.6018737534725609 0.6018737534725609 [0, 0, 2] [-1, 1, 0] [1, -1, -2]  not selected
0.6018737534725609 0.6018737534725609 [-1, -1, 0] [0, 0, 2] [1, 1, -2]  not selected
0.6018737534725609 0.6018737534725609 [-2, 0, 0] [0, -1, -1] [2, 1, 1]  not selected
0.6018737534725609 0.6018737534725609 [0, 1, 1] [-2, 0, 0] [2, -1, -1]  not selected
0.6018737534725609 0.6018737534725609 [-2, 0, 0] [0, 1, 1] [2, -1, -1]  not selected
0.6018737534725609 0.6018737534725609 [0, 0, 2] [1, -1, 0] [-1, 1, -2]  not selected
0.6018737534725609 0.6018737534725609 [-2, 0, 0] [0, 1, -1] [2, -1, 1]  not selected
0.6018737534725609 0.6018737534725609 [-1, 0, -1] [0, -2, 0] [1, 2, 1]  not selected
0.6018737534725609 0.6018737534725609 [0, 1, -1] [2, 0, 0] [-2, -1, 1]  not selected
0.6018737534725609 0.6018737534725609 [0, 0, 2] [1, 1, 0] [-1, -1, -2]  not selected
0.6018737534725609 0.6018737534725609 [0, 1, -1] [-2, 0, 0] [2, -1, 1]  not selected
0.6018737534725609 0.6018737534725609 [1, -1, 0] [0, 0, 2] [-1, 1, -2]  not selected
0.6219897639800565 0.6219897639800565 [1, 0, 0] [2, 0, 0] [-3, 0, 0]  selected
0.6219897639800565 0.6219897639800565 [0, 0, 1] [0, 0, 2] [0, 0, -3]  not selected
0.6219897639800565 0.6219897639800565 [0, 1, 0] [0, 2, 0] [0, -3, 0]  not selected
0.6219897639800565 0.6219897639800565 [0, -1, 0] [0, -2, 0] [0, 3, 0]  not selected
0.6219897639800565 0.6219897639800565 [0, -2, 0] [0, -1, 0] [0, 3, 0]  not selected
0.6219897639800565 0.6219897639800565 [-2, 0, 0] [-1, 0, 0] [3, 0, 0]  not selected
0.6219897639800565 0.6219897639800565 [2, 0, 0] [1, 0, 0] [-3, 0, 0]  not selected
0.6219897639800565 0.6219897639800565 [0, 2, 0] [0, 1, 0] [0, -3, 0]  not selected
0.6219897639800565 0.6219897639800565 [0, 0, 2] [0, 0, 1] [0, 0, -3]  not selected
0.6219897639800565 0.6219897639800565 [0, 0, -2] [0, 0, -1] [0, 0, 3]  not selected
0.6219897639800565 0.6219897639800565 [0, 0, -1] [0, 0, -2] [0, 0, 3]  not selected
0.6219897639800565 0.6219897639800565 [-1, 0, 0] [-2, 0, 0] [3, 0, 0]  not selected
0.6290144079235003 0.6290144079235003 [1, 0, -1] [1, -1, -1] [-2, 1, 2]  selected
0.6290144079235003 0.6290144079235003 [0, -1, -1] [-1, -1, -1] [1, 2, 2]  not selected
0.6290144079235003 0.6290144079235003 [-1, -1, 1] [0, -1, 1] [1, 2, -2]  not selected
0.6290144079235003 0.6290144079235003 [1, 1, 1] [0, 1, 1] [-1, -2, -2]  not selected
0.6290144079235003 0.6290144079235003 [-1, -1, 1] [-1, -1, 0] [2, 2, -1]  not selected
0.6290144079235003 0.6290144079235003 [1, -1, -1] [0, -1, -1] [-1, 2, 2]  not selected
0.6290144079235003 0.6290144079235003 [1, 1, -1] [1, 1, 0] [-2, -2, 1]  not selected
0.6290144079235003 0.6290144079235003 [1, 1, 0] [1, 1, 1] [-2, -2, -1]  not selected
0.6290144079235003 0.6290144079235003 [1, 1, -1] [1, 0, -1] [-2, -1, 2]  not selected
0.6290144079235003 0.6290144079235003 [1, -1, -1] [1, 0, -1] [-2, 1, 2]  not selected
0.6290144079235003 0.6290144079235003 [1, 1, 1] [1, 1, 0] [-2, -2, -1]  not selected
0.6290144079235003 0.6290144079235003 [-1, 1, 0] [-1, 1, -1] [2, -2, 1]  not selected
0.6290144079235003 0.6290144079235003 [-1, -1, 0] [-1, -1, 1] [2, 2, -1]  not selected
0.6290144079235003 0.6290144079235003 [1, -1, 0] [1, -1, 1] [-2, 2, -1]  not selected
0.6290144079235003 0.6290144079235003 [-1, 1, 0] [-1, 1, 1] [2, -2, -1]  not selected
0.6290144079235003 0.6290144079235003 [1, 1, -1] [0, 1, -1] [-1, -2, 2]  not selected
0.6290144079235003 0.6290144079235003 [1, -1, 0] [1, -1, -1] [-2, 2, 1]  not selected
0.6290144079235003 0.6290144079235003 [0, 1, -1] [1, 1, -1] [-1, -2, 2]  not selected
0.6290144079235003 0.6290144079235003 [1, 0, 1] [1, -1, 1] [-2, 1, -2]  not selected
0.6290144079235003 0.6290144079235003 [1, -1, 1] [1, 0, 1] [-2, 1, -2]  not selected
0.6290144079235003 0.6290144079235003 [0, 1, -1] [-1, 1, -1] [1, -2, 2]  not selected
0.6290144079235003 0.6290144079235003 [-1, -1, -1] [0, -1, -1] [1, 2, 2]  not selected
0.6290144079235003 0.6290144079235003 [1, 0, 1] [1, 1, 1] [-2, -1, -2]  not selected
0.6290144079235003 0.6290144079235003 [-1, 1, 1] [0, 1, 1] [1, -2, -2]  not selected
0.6290144079235003 0.6290144079235003 [-1, -1, 1] [-1, 0, 1] [2, 1, -2]  not selected
0.6290144079235003 0.6290144079235003 [1, 1, 1] [1, 0, 1] [-2, -1, -2]  not selected
0.6290144079235003 0.6290144079235003 [-1, 1, 1] [-1, 0, 1] [2, -1, -2]  not selected
0.6290144079235003 0.6290144079235003 [-1, 1, 1] [-1, 1, 0] [2, -2, -1]  not selected
0.6290144079235003 0.6290144079235003 [-1, 1, -1] [0, 1, -1] [1, -2, 2]  not selected
0.6290144079235003 0.6290144079235003 [-1, -1, -1] [-1, 0, -1] [2, 1, 2]  not selected
0.6290144079235003 0.6290144079235003 [-1, -1, -1] [-1, -1, 0] [2, 2, 1]  not selected
0.6290144079235003 0.6290144079235003 [1, 0, -1] [1, 1, -1] [-2, -1, 2]  not selected
0.6290144079235003 0.6290144079235003 [1, -1, 1] [0, -1, 1] [-1, 2, -2]  not selected
0.6290144079235003 0.6290144079235003 [-1, 1, -1] [-1, 0, -1] [2, -1, 2]  not selected
0.6290144079235003 0.6290144079235003 [-1, 1, -1] [-1, 1, 0] [2, -2, 1]  not selected
0.6290144079235003 0.6290144079235003 [0, 1, 1] [-1, 1, 1] [1, -2, -2]  not selected
0.6290144079235003 0.6290144079235003 [0, -1, 1] [1, -1, 1] [-1, 2, -2]  not selected
0.6290144079235003 0.6290144079235003 [-1, 0, 1] [-1, -1, 1] [2, 1, -2]  not selected
0.6290144079235003 0.6290144079235003 [1, -1, 1] [1, -1, 0] [-2, 2, -1]  not selected
0.6290144079235003 0.6290144079235003 [-1, -1, 0] [-1, -1, -1] [2, 2, 1]  not selected
0.6290144079235003 0.6290144079235003 [0, -1, 1] [-1, -1, 1] [1, 2, -2]  not selected
0.6290144079235003 0.6290144079235003 [0, -1, -1] [1, -1, -1] [-1, 2, 2]  not selected
0.6290144079235003 0.6290144079235003 [-1, 0, -1] [-1, 1, -1] [2, -1, 2]  not selected
0.6290144079235003 0.6290144079235003 [-1, 0, -1] [-1, -1, -1] [2, 1, 2]  not selected
0.6290144079235003 0.6290144079235003 [-1, 0, 1] [-1, 1, 1] [2, -1, -2]  not selected
0.6290144079235003 0.6290144079235003 [1, -1, -1] [1, -1, 0] [-2, 2, 1]  not selected
0.6290144079235003 0.6290144079235003 [0, 1, 1] [1, 1, 1] [-1, -2, -2]  not selected
0.6290144079235003 0.6290144079235003 [1, 1, 0] [1, 1, -1] [-2, -2, 1]  not selected
0.6378619890080723 0.6378619890080723 [1, -1, -1] [-1, -1, -1] [0, 2, 2]  selected
0.6378619890080723 0.6378619890080723 [1, 1, 1] [1, 1, -1] [-2, -2, 0]  not selected
0.6378619890080723 0.6378619890080723 [1, -1, -1] [1, 1, -1] [-2, 0, 2]  not selected
0.6378619890080723 0.6378619890080723 [-1, 1, 1] [1, 1, 1] [0, -2, -2]  not selected
0.6378619890080723 0.6378619890080723 [-1, 1, 1] [-1, -1, 1] [2, 0, -2]  not selected
0.6378619890080723 0.6378619890080723 [1, 1, 1] [-1, 1, 1] [0, -2, -2]  not selected
0.6378619890080723 0.6378619890080723 [1, 1, -1] [-1, 1, -1] [0, -2, 2]  not selected
0.6378619890080723 0.6378619890080723 [1, 1, 1] [1, -1, 1] [-2, 0, -2]  not selected
0.6378619890080723 0.6378619890080723 [-1, 1, -1] [-1, -1, -1] [2, 0, 2]  not selected
0.6378619890080723 0.6378619890080723 [1, -1, -1] [1, -1, 1] [-2, 2, 0]  not selected
0.6378619890080723 0.6378619890080723 [1, -1, 1] [1, 1, 1] [-2, 0, -2]  not selected
0.6378619890080723 0.6378619890080723 [-1, -1, 1] [-1, 1, 1] [2, 0, -2]  not selected
0.6378619890080723 0.6378619890080723 [-1, -1, -1] [1, -1, -1] [0, 2, 2]  not selected
0.6378619890080723 0.6378619890080723 [1, -1, 1] [-1, -1, 1] [0, 2, -2]  not selected
0.6378619890080723 0.6378619890080723 [1, 1, -1] [1, -1, -1] [-2, 0, 2]  not selected
0.6378619890080723 0.6378619890080723 [-1, -1, -1] [-1, -1, 1] [2, 2, 0]  not selected
0.6378619890080723 0.6378619890080723 [-1, -1, -1] [-1, 1, -1] [2, 0, 2]  not selected
0.6378619890080723 0.6378619890080723 [-1, 1, -1] [-1, 1, 1] [2, -2, 0]  not selected
0.6378619890080723 0.6378619890080723 [-1, 1, -1] [1, 1, -1] [0, -2, 2]  not selected
0.6378619890080723 0.6378619890080723 [-1, -1, 1] [1, -1, 1] [0, 2, -2]  not selected
0.6378619890080723 0.6378619890080723 [-1, 1, 1] [-1, 1, -1] [2, -2, 0]  not selected
0.6378619890080723 0.6378619890080723 [1, 1, -1] [1, 1, 1] [-2, -2, 0]  not selected
0.6378619890080723 0.6378619890080723 [1, -1, 1] [1, -1, -1] [-2, 2, 0]  not selected
0.6378619890080723 0.6378619890080723 [-1, -1, 1] [-1, -1, -1] [2, 2, 0]  not selected
0.6646163860940546 0.6646163860940546 [2, 0, 0] [1, -1, 0] [-3, 1, 0]  selected
0.6646163860940546 0.6646163860940546 [-1, -1, 0] [0, -2, 0] [1, 3, 0]  not selected
0.6646163860940546 0.6646163860940546 [-2, 0, 0] [-1, -1, 0] [3, 1, 0]  not selected
0.6646163860940546 0.6646163860940546 [1, 1, 0] [0, 2, 0] [-1, -3, 0]  not selected
0.6646163860940546 0.6646163860940546 [-1, 1, 0] [-2, 0, 0] [3, -1, 0]  not selected
0.6646163860940546 0.6646163860940546 [-1, 0, 1] [-2, 0, 0] [3, 0, -1]  not selected
0.6646163860940546 0.6646163860940546 [-1, 0, -1] [0, 0, -2] [1, 0, 3]  not selected
0.6646163860940546 0.6646163860940546 [-1, 1, 0] [0, 2, 0] [1, -3, 0]  not selected
0.6646163860940546 0.6646163860940546 [1, 1, 0] [2, 0, 0] [-3, -1, 0]  not selected
0.6646163860940546 0.6646163860940546 [-1, 0, -1] [-2, 0, 0] [3, 0, 1]  not selected
0.6646163860940546 0.6646163860940546 [-1, 0, 1] [0, 0, 2] [1, 0, -3]  not selected
0.6646163860940546 0.6646163860940546 [-1, -1, 0] [-2, 0, 0] [3, 1, 0]  not selected
0.6646163860940546 0.6646163860940546 [0, 2, 0] [1, 1, 0] [-1, -3, 0]  not selected
0.6646163860940546 0.6646163860940546 [2, 0, 0] [1, 0, -1] [-3, 0, 1]  not selected
0.6646163860940546 0.6646163860940546 [0, 2, 0] [-1, 1, 0] [1, -3, 0]  not selected
0.6646163860940546 0.6646163860940546 [0, -1, 1] [0, -2, 0] [0, 3, -1]  not selected
0.6646163860940546 0.6646163860940546 [0, -1, 1] [0, 0, 2] [0, 1, -3]  not selected
0.6646163860940546 0.6646163860940546 [-2, 0, 0] [-1, 0, 1] [3, 0, -1]  not selected
0.6646163860940546 0.6646163860940546 [0, 0, -2] [-1, 0, -1] [1, 0, 3]  not selected
0.6646163860940546 0.6646163860940546 [1, -1, 0] [2, 0, 0] [-3, 1, 0]  not selected
0.6646163860940546 0.6646163860940546 [1, 0, -1] [2, 0, 0] [-3, 0, 1]  not selected
0.6646163860940546 0.6646163860940546 [0, 0, -2] [0, -1, -1] [0, 1, 3]  not selected
0.6646163860940546 0.6646163860940546 [0, 1, 1] [0, 2, 0] [0, -3, -1]  not selected
0.6646163860940546 0.6646163860940546 [0, 0, -2] [0, 1, -1] [0, -1, 3]  not selected
0.6646163860940546 0.6646163860940546 [0, 1, 1] [0, 0, 2] [0, -1, -3]  not selected
0.6646163860940546 0.6646163860940546 [0, 0, -2] [1, 0, -1] [-1, 0, 3]  not selected
0.6646163860940546 0.6646163860940546 [1, 0, -1] [0, 0, -2] [-1, 0, 3]  not selected
0.6646163860940546 0.6646163860940546 [-2, 0, 0] [-1, 1, 0] [3, -1, 0]  not selected
0.6646163860940546 0.6646163860940546 [1, -1, 0] [0, -2, 0] [-1, 3, 0]  not selected
0.6646163860940546 0.6646163860940546 [0, 0, 2] [-1, 0, 1] [1, 0, -3]  not selected
0.6646163860940546 0.6646163860940546 [0, 1, -1] [0, 2, 0] [0, -3, 1]  not selected
0.6646163860940546 0.6646163860940546 [0, 0, 2] [0, -1, 1] [0, 1, -3]  not selected
0.6646163860940546 0.6646163860940546 [2, 0, 0] [1, 0, 1] [-3, 0, -1]  not selected
0.6646163860940546 0.6646163860940546 [0, 1, -1] [0, 0, -2] [0, -1, 3]  not selected
0.6646163860940546 0.6646163860940546 [0, 0, 2] [0, 1, 1] [0, -1, -3]  not selected
0.6646163860940546 0.6646163860940546 [0, -1, -1] [0, 0, -2] [0, 1, 3]  not selected
0.6646163860940546 0.6646163860940546 [0, -1, -1] [0, -2, 0] [0, 3, 1]  not selected
0.6646163860940546 0.6646163860940546 [0, 0, 2] [1, 0, 1] [-1, 0, -3]  not selected
0.6646163860940546 0.6646163860940546 [1, 0, 1] [0, 0, 2] [-1, 0, -3]  not selected
0.6646163860940546 0.6646163860940546 [2, 0, 0] [1, 1, 0] [-3, -1, 0]  not selected
0.6646163860940546 0.6646163860940546 [0, -2, 0] [0, -1, -1] [0, 3, 1]  not selected
0.6646163860940546 0.6646163860940546 [0, -2, 0] [0, -1, 1] [0, 3, -1]  not selected
0.6646163860940546 0.6646163860940546 [0, 2, 0] [0, 1, 1] [0, -3, -1]  not selected
0.6646163860940546 0.6646163860940546 [0, -2, 0] [-1, -1, 0] [1, 3, 0]  not selected
0.6646163860940546 0.6646163860940546 [0, 2, 0] [0, 1, -1] [0, -3, 1]  not selected
0.6646163860940546 0.6646163860940546 [0, -2, 0] [1, -1, 0] [-1, 3, 0]  not selected
0.6646163860940546 0.6646163860940546 [1, 0, 1] [2, 0, 0] [-3, 0, -1]  not selected
0.6646163860940546 0.6646163860940546 [-2, 0, 0] [-1, 0, -1] [3, 0, 1]  not selected
0.6803159597370838 0.6803159597370838 [0, 0, 2] [0, -2, 0] [0, 2, -2]  selected
0.6803159597370838 0.6803159597370838 [0, -2, 0] [-2, 0, 0] [2, 2, 0]  not selected
0.6803159597370838 0.6803159597370838 [0, 2, 0] [2, 0, 0] [-2, -2, 0]  not selected
0.6803159597370838 0.6803159597370838 [2, 0, 0] [0, 0, -2] [-2, 0, 2]  not selected
0.6803159597370838 0.6803159597370838 [0, 0, 2] [-2, 0, 0] [2, 0, -2]  not selected
0.6803159597370838 0.6803159597370838 [-2, 0, 0] [0, 0, 2] [2, 0, -2]  not selected
0.6803159597370838 0.6803159597370838 [-2, 0, 0] [0, 2, 0] [2, -2, 0]  not selected
0.6803159597370838 0.6803159597370838 [-2, 0, 0] [0, 0, -2] [2, 0, 2]  not selected
0.6803159597370838 0.6803159597370838 [2, 0, 0] [0, 2, 0] [-2, -2, 0]  not selected
0.6803159597370838 0.6803159597370838 [0, 0, -2] [2, 0, 0] [-2, 0, 2]  not selected
0.6803159597370838 0.6803159597370838 [0, 0, 2] [2, 0, 0] [-2, 0, -2]  not selected
0.6803159597370838 0.6803159597370838 [0, 0, 2] [0, 2, 0] [0, -2, -2]  not selected
0.6803159597370838 0.6803159597370838 [-2, 0, 0] [0, -2, 0] [2, 2, 0]  not selected
0.6803159597370838 0.6803159597370838 [0, -2, 0] [2, 0, 0] [-2, 2, 0]  not selected
0.6803159597370838 0.6803159597370838 [2, 0, 0] [0, 0, 2] [-2, 0, -2]  not selected
0.6803159597370838 0.6803159597370838 [0, 0, -2] [0, 2, 0] [0, -2, 2]  not selected
0.6803159597370838 0.6803159597370838 [0, 2, 0] [0, 0, -2] [0, -2, 2]  not selected
0.6803159597370838 0.6803159597370838 [0, 2, 0] [0, 0, 2] [0, -2, -2]  not selected
0.6803159597370838 0.6803159597370838 [0, -2, 0] [0, 0, -2] [0, 2, 2]  not selected
0.6803159597370838 0.6803159597370838 [0, 0, -2] [0, -2, 0] [0, 2, 2]  not selected
0.6803159597370838 0.6803159597370838 [0, 0, -2] [-2, 0, 0] [2, 0, 2]  not selected
0.6803159597370838 0.6803159597370838 [2, 0, 0] [0, -2, 0] [-2, 2, 0]  not selected
0.6803159597370838 0.6803159597370838 [0, 2, 0] [-2, 0, 0] [2, -2, 0]  not selected
0.6803159597370838 0.6803159597370838 [0, -2, 0] [0, 0, 2] [0, 2, -2]  not selected
0.6942235793306908 0.6942235793306908 [1, 1, 1] [1, 1, 1] [-2, -2, -2]  selected
0.6942235793306908 0.6942235793306908 [-1, 1, -1] [-1, 1, -1] [2, -2, 2]  not selected
0.6942235793306908 0.6942235793306908 [1, 1, -1] [1, 1, -1] [-2, -2, 2]  not selected
0.6942235793306908 0.6942235793306908 [1, -1, -1] [1, -1, -1] [-2, 2, 2]  not selected
0.6942235793306908 0.6942235793306908 [1, -1, 1] [1, -1, 1] [-2, 2, -2]  not selected
0.6942235793306908 0.6942235793306908 [-1, 1, 1] [-1, 1, 1] [2, -2, -2]  not selected
0.6942235793306908 0.6942235793306908 [-1, -1, 1] [-1, -1, 1] [2, 2, -2]  not selected
0.6942235793306908 0.6942235793306908 [-1, -1, -1] [-1, -1, -1] [2, 2, 2]  not selected
0.7023213323306448 0.7023213323306448 [1, -1, -1] [0, -2, 0] [-1, 3, 1]  selected
0.7023213323306448 0.7023213323306448 [1, 1, 1] [2, 0, 0] [-3, -1, -1]  not selected
0.7023213323306448 0.7023213323306448 [-2, 0, 0] [-1, 1, 1] [3, -1, -1]  not selected
0.7023213323306448 0.7023213323306448 [2, 0, 0] [1, -1, -1] [-3, 1, 1]  not selected
0.7023213323306448 0.7023213323306448 [0, 2, 0] [1, 1, 1] [-1, -3, -1]  not selected
0.7023213323306448 0.7023213323306448 [0, 2, 0] [-1, 1, 1] [1, -3, -1]  not selected
0.7023213323306448 0.7023213323306448 [1, -1, -1] [0, 0, -2] [-1, 1, 3]  not selected
0.7023213323306448 0.7023213323306448 [1, -1, -1] [2, 0, 0] [-3, 1, 1]  not selected
0.7023213323306448 0.7023213323306448 [0, 0, 2] [1, 1, 1] [-1, -1, -3]  not selected
0.7023213323306448 0.7023213323306448 [0, 2, 0] [-1, 1, -1] [1, -3, 1]  not selected
0.7023213323306448 0.7023213323306448 [-1, -1, 1] [-2, 0, 0] [3, 1, -1]  not selected
0.7023213323306448 0.7023213323306448 [-1, 1, 1] [0, 0, 2] [1, -1, -3]  not selected
0.7023213323306448 0.7023213323306448 [1, 1, 1] [0, 2, 0] [-1, -3, -1]  not selected
0.7023213323306448 0.7023213323306448 [-1, 1, -1] [0, 0, -2] [1, -1, 3]  not selected
0.7023213323306448 0.7023213323306448 [-1, -1, -1] [0, -2, 0] [1, 3, 1]  not selected
0.7023213323306448 0.7023213323306448 [-1, 1, -1] [0, 2, 0] [1, -3, 1]  not selected
0.7023213323306448 0.7023213323306448 [0, 2, 0] [1, 1, -1] [-1, -3, 1]  not selected
0.7023213323306448 0.7023213323306448 [0, -2, 0] [1, -1, 1] [-1, 3, -1]  not selected
0.7023213323306448 0.7023213323306448 [1, 1, -1] [2, 0, 0] [-3, -1, 1]  not selected
0.7023213323306448 0.7023213323306448 [0, 0, -2] [-1, -1, -1] [1, 1, 3]  not selected
0.7023213323306448 0.7023213323306448 [0, -2, 0] [1, -1, -1] [-1, 3, 1]  not selected
0.7023213323306448 0.7023213323306448 [-2, 0, 0] [-1, -1, 1] [3, 1, -1]  not selected
0.7023213323306448 0.7023213323306448 [0, -2, 0] [-1, -1, 1] [1, 3, -1]  not selected
0.7023213323306448 0.7023213323306448 [0, -2, 0] [-1, -1, -1] [1, 3, 1]  not selected
0.7023213323306448 0.7023213323306448 [-1, 1, 1] [0, 2, 0] [1, -3, -1]  not selected
0.7023213323306448 0.7023213323306448 [1, 1, -1] [0, 0, -2] [-1, -1, 3]  not selected
0.7023213323306448 0.7023213323306448 [-1, 1, 1] [-2, 0, 0] [3, -1, -1]  not selected
0.7023213323306448 0.7023213323306448 [1, 1, -1] [0, 2, 0] [-1, -3, 1]  not selected
0.7023213323306448 0.7023213323306448 [0, 0, -2] [-1, 1, -1] [1, -1, 3]  not selected
0.7023213323306448 0.7023213323306448 [-2, 0, 0] [-1, -1, -1] [3, 1, 1]  not selected
0.7023213323306448 0.7023213323306448 [-1, 1, -1] [-2, 0, 0] [3, -1, 1]  not selected
0.7023213323306448 0.7023213323306448 [-1, -1, 1] [0, -2, 0] [1, 3, -1]  not selected
0.7023213323306448 0.7023213323306448 [1, 1, 1] [0, 0, 2] [-1, -1, -3]  not selected
0.7023213323306448 0.7023213323306448 [-1, -1, 1] [0, 0, 2] [1, 1, -3]  not selected
0.7023213323306448 0.7023213323306448 [0, 0, 2] [-1, 1, 1] [1, -1, -3]  not selected
0.7023213323306448 0.7023213323306448 [1, -1, 1] [0, -2, 0] [-1, 3, -1]  not selected
0.7023213323306448 0.7023213323306448 [0, 0, 2] [-1, -1, 1] [1, 1, -3]  not selected
0.7023213323306448 0.7023213323306448 [1, -1, 1] [0, 0, 2] [-1, 1, -3]  not selected
0.7023213323306448 0.7023213323306448 [1, -1, 1] [2, 0, 0] [-3, 1, -1]  not selected
0.7023213323306448 0.7023213323306448 [2, 0, 0] [1, -1, 1] [-3, 1, -1]  not selected
0.7023213323306448 0.7023213323306448 [-1, -1, -1] [-2, 0, 0] [3, 1, 1]  not selected
0.7023213323306448 0.7023213323306448 [-2, 0, 0] [-1, 1, -1] [3, -1, 1]  not selected
0.7023213323306448 0.7023213323306448 [0, 0, -2] [1, 1, -1] [-1, -1, 3]  not selected
0.7023213323306448 0.7023213323306448 [0, 0, -2] [1, -1, -1] [-1, 1, 3]  not selected
0.7023213323306448 0.7023213323306448 [2, 0, 0] [1, 1, -1] [-3, -1, 1]  not selected
0.7023213323306448 0.7023213323306448 [-1, -1, -1] [0, 0, -2] [1, 1, 3]  not selected
0.7023213323306448 0.7023213323306448 [0, 0, 2] [1, -1, 1] [-1, 1, -3]  not selected
0.7023213323306448 0.7023213323306448 [2, 0, 0] [1, 1, 1] [-3, -1, -1]  not selected
0.7845813034164015 0.7845813034164015 [-2, 0, 0] [-2, 0, 0] [4, 0, 0]  selected
[0.26302    0.33533866 0.34453193 0.39184192 0.40469664 0.40894289
 0.41260434 0.43983218 0.45416501 0.45479626 0.46118965 0.46135076
 0.4648511  0.46696046 0.4691076  0.48228615 0.49866518 0.50987672
 0.51432971 0.51785402 0.55239514 0.55509884 0.55665164 0.56212348
 0.56442934 0.56584428 0.58987173 0.60187375 0.62198976 0.62901441
 0.63786199 0.66461639 0.68031596 0.69422358 0.70232133 0.7845813 ]
[[0, 0, 0], [0, -1, 0], [-1, 0, 0], [1, 0, -1], [0, -1, -1], [0, -1, 0], [0, -1, 0], [-1, 1, 1], [0, 2, 0], [1, -1, -1], [-1, 1, -1], [-1, 0, 0], [0, 0, 1], [1, 0, 0], [1, 0, -1], [0, 2, 0], [0, 0, 0], [0, -1, -1], [0, 2, 0], [-1, 1, 0], [0, 0, 1], [0, 0, 1], [-1, -1, 0], [-1, 1, -1], [1, 1, -1], [-1, -1, 1], [1, 0, 1], [1, 1, 0], [1, 0, 0], [1, 0, -1], [1, -1, -1], [2, 0, 0], [0, 0, 2], [1, 1, 1], [1, -1, -1], [-2, 0, 0]]
n1 =  0
n1 =  0
n1 =  -1
n1 =  1
n1 =  0
n1 =  0
n1 =  0
n1 =  -1
n1 =  0
n1 =  1
n1 =  -1
n1 =  -1
n1 =  0
n1 =  1
n1 =  1
n1 =  0
n1 =  0
n1 =  0
n1 =  0
n1 =  -1
n1 =  0
n1 =  0
n1 =  -1
n1 =  -1
n1 =  1
n1 =  -1
n1 =  1
n1 =  1
n1 =  1
n1 =  1
n1 =  1
n1 =  2
n1 =  0
n1 =  1
n1 =  1
n1 =  -2
0.3436017106795748
0.3467798227119239
